#
# A fatal error has been detected by the Java Runtime Environment:
#
#  EXCEPTION_UNCAUGHT_CXX_EXCEPTION (0xe06d7363) at pc=0x00007ffe8022a839, pid=9020, tid=13856
#
# JRE version: OpenJDK Runtime Environment (11.0.5+10) (build 11.0.5+10-b520.17)
# Java VM: OpenJDK 64-Bit Server VM (11.0.5+10-b520.17, mixed mode, tiered, compressed oops, g1 gc, windows-amd64)
# Problematic frame:
# C  [KERNELBASE.dll+0x3a839]
#
# No core dump will be written. Minidumps are not enabled by default on client versions of Windows
#
# If you would like to submit a bug report, please visit:
#   http://bugreport.java.com/bugreport/crash.jsp
# The crash happened outside the Java Virtual Machine in native code.
# See problematic frame for where to report the bug.
#

---------------  S U M M A R Y ------------

Command Line: -javaagent:D:\softwares\idea-community\lib\idea_rt.jar=50637:D:\softwares\idea-community\bin -Dfile.encoding=UTF-8 me.lc.App

Host: Intel(R) Core(TM) i5-5200U CPU @ 2.20GHz, 4 cores, 7G,  Windows 10 , 64 bit Build 18362 (10.0.18362.329)
Time: Sat Feb  1 19:06:55 2020 ?D1¨²¡À¨º¡Á?¨º¡À?? elapsed time: 60 seconds (0d 0h 1m 0s)

---------------  T H R E A D  ---------------

Current thread (0x0000017d842d4800):  JavaThread "AWT-EventQueue-0" [_thread_in_native, id=13856, stack(0x000000173dd00000,0x000000173de00000)]

Stack: [0x000000173dd00000,0x000000173de00000],  sp=0x000000173ddf8350,  free space=992k
Native frames: (J=compiled Java code, j=interpreted, Vv=VM code, C=native code)
C  [KERNELBASE.dll+0x3a839]
C  [VCRUNTIME140D.dll+0x82b0]

Java frames: (J=compiled Java code, j=interpreted, Vv=VM code)
j  me.lc.Stitch.stitchPairImg(Ljava/lang/String;Ljava/lang/String;Ljava/lang/String;)Z+0
j  me.lc.App.stitchImgs([Ljava/io/File;)V+256
j  me.lc.App$1.actionPerformed(Ljava/awt/event/ActionEvent;)V+120
j  javax.swing.AbstractButton.fireActionPerformed(Ljava/awt/event/ActionEvent;)V+83 java.desktop@11.0.5
j  javax.swing.AbstractButton$Handler.actionPerformed(Ljava/awt/event/ActionEvent;)V+5 java.desktop@11.0.5
j  javax.swing.DefaultButtonModel.fireActionPerformed(Ljava/awt/event/ActionEvent;)V+34 java.desktop@11.0.5
j  javax.swing.DefaultButtonModel.setPressed(Z)V+117 java.desktop@11.0.5
j  javax.swing.plaf.basic.BasicButtonListener.mouseReleased(Ljava/awt/event/MouseEvent;)V+35 java.desktop@11.0.5
j  java.awt.Component.processMouseEvent(Ljava/awt/event/MouseEvent;)V+64 java.desktop@11.0.5
j  javax.swing.JComponent.processMouseEvent(Ljava/awt/event/MouseEvent;)V+23 java.desktop@11.0.5
J 1626 c1 java.awt.Component.processEvent(Ljava/awt/AWTEvent;)V java.desktop@11.0.5 (220 bytes) @ 0x0000017ded5dd7f4 [0x0000017ded5dd200+0x00000000000005f4]
J 1625 c1 java.awt.Container.processEvent(Ljava/awt/AWTEvent;)V java.desktop@11.0.5 (22 bytes) @ 0x0000017ded5dcca4 [0x0000017ded5dc980+0x0000000000000324]
J 1596 c1 java.awt.Component.dispatchEventImpl(Ljava/awt/AWTEvent;)V java.desktop@11.0.5 (777 bytes) @ 0x0000017ded5c64b4 [0x0000017ded5c28c0+0x0000000000003bf4]
J 1433 c1 java.awt.Container.dispatchEventImpl(Ljava/awt/AWTEvent;)V java.desktop@11.0.5 (129 bytes) @ 0x0000017ded54d99c [0x0000017ded54d860+0x000000000000013c]
J 1432 c1 java.awt.Component.dispatchEvent(Ljava/awt/AWTEvent;)V java.desktop@11.0.5 (6 bytes) @ 0x0000017ded54d434 [0x0000017ded54d340+0x00000000000000f4]
j  java.awt.LightweightDispatcher.retargetMouseEvent(Ljava/awt/Component;ILjava/awt/event/MouseEvent;)V+349 java.desktop@11.0.5
J 1716 c1 java.awt.LightweightDispatcher.processMouseEvent(Ljava/awt/event/MouseEvent;)Z java.desktop@11.0.5 (265 bytes) @ 0x0000017ded615f84 [0x0000017ded614fe0+0x0000000000000fa4]
J 1636 c1 java.awt.LightweightDispatcher.dispatchEvent(Ljava/awt/AWTEvent;)Z java.desktop@11.0.5 (73 bytes) @ 0x0000017ded5e9644 [0x0000017ded5e9220+0x0000000000000424]
J 1433 c1 java.awt.Container.dispatchEventImpl(Ljava/awt/AWTEvent;)V java.desktop@11.0.5 (129 bytes) @ 0x0000017ded54d93c [0x0000017ded54d860+0x00000000000000dc]
J 1597 c1 java.awt.Window.dispatchEventImpl(Ljava/awt/AWTEvent;)V java.desktop@11.0.5 (23 bytes) @ 0x0000017ded5cad6c [0x0000017ded5ca7a0+0x00000000000005cc]
J 1542 c1 java.awt.EventQueue.dispatchEventImpl(Ljava/awt/AWTEvent;Ljava/lang/Object;)V java.desktop@11.0.5 (136 bytes) @ 0x0000017ded589bd4 [0x0000017ded589740+0x0000000000000494]
J 1419 c1 java.awt.EventQueue$4.run()Ljava/lang/Void; java.desktop@11.0.5 (60 bytes) @ 0x0000017ded54462c [0x0000017ded544500+0x000000000000012c]
J 1541 c1 java.awt.EventQueue$4.run()Ljava/lang/Object; java.desktop@11.0.5 (5 bytes) @ 0x0000017ded5891c4 [0x0000017ded589140+0x0000000000000084]
v  ~StubRoutines::call_stub
J 1034  java.security.AccessController.doPrivileged(Ljava/security/PrivilegedAction;Ljava/security/AccessControlContext;)Ljava/lang/Object; java.base@11.0.5 (0 bytes) @ 0x0000017df4841ca6 [0x0000017df4841c40+0x0000000000000066]
J 1586 c1 java.awt.EventQueue$5.run()Ljava/lang/Object; java.desktop@11.0.5 (5 bytes) @ 0x0000017ded5bdd2c [0x0000017ded5bd9e0+0x000000000000034c]
v  ~StubRoutines::call_stub
J 1034  java.security.AccessController.doPrivileged(Ljava/security/PrivilegedAction;Ljava/security/AccessControlContext;)Ljava/lang/Object; java.base@11.0.5 (0 bytes) @ 0x0000017df4841ca6 [0x0000017df4841c40+0x0000000000000066]
J 1417 c1 java.awt.EventQueue.dispatchEvent(Ljava/awt/AWTEvent;)V java.desktop@11.0.5 (80 bytes) @ 0x0000017ded54376c [0x0000017ded542ca0+0x0000000000000acc]
J 1424 c1 java.awt.EventDispatchThread.pumpOneEventForFilters(I)V java.desktop@11.0.5 (113 bytes) @ 0x0000017ded54a52c [0x0000017ded549e20+0x000000000000070c]
j  java.awt.EventDispatchThread.pumpEventsForFilter(ILjava/awt/Conditional;Ljava/awt/EventFilter;)V+35 java.desktop@11.0.5
j  java.awt.EventDispatchThread.pumpEventsForHierarchy(ILjava/awt/Conditional;Ljava/awt/Component;)V+11 java.desktop@11.0.5
j  java.awt.EventDispatchThread.pumpEvents(ILjava/awt/Conditional;)V+4 java.desktop@11.0.5
j  java.awt.EventDispatchThread.pumpEvents(Ljava/awt/Conditional;)V+3 java.desktop@11.0.5
j  java.awt.EventDispatchThread.run()V+9 java.desktop@11.0.5
v  ~StubRoutines::call_stub

siginfo: EXCEPTION_UNCAUGHT_CXX_EXCEPTION (0xe06d7363), ExceptionInformation=0x0000000019930520 0x000000173ddf8508 0x00007ffe32ab06c8 0x00007ffe318b0000 


Register to memory mapping:

RIP=0x00007ffe8022a839 KERNELBASE.dll
RAX=0xfefefefefefefefe is an unknown value
RBX={method} {0x0000017dff371958} 'stitchPairImg' '(Ljava/lang/String;Ljava/lang/String;Ljava/lang/String;)Z' in 'me/lc/Stitch'
RCX=0xfefefefefefefefe is an unknown value
RDX=0xfefefefefefefefe is an unknown value
RSP=0x000000173ddf8350 is pointing into the stack for thread: 0x0000017d842d4800
RBP=0x000000173ddf8920 is pointing into the stack for thread: 0x0000017d842d4800
RSI=0x0 is NULL
RDI=0x000000173ddf8590 is pointing into the stack for thread: 0x0000017d842d4800
R8 =0xfefefefefefefefe is an unknown value
R9 =0xfefefefefefefefe is an unknown value
R10=0xfefefefefefefefe is an unknown value
R11=0xfefefefefefefefe is an unknown value
R12=0x0 is NULL
R13={method} {0x0000017dff371958} 'stitchPairImg' '(Ljava/lang/String;Ljava/lang/String;Ljava/lang/String;)Z' in 'me/lc/Stitch'
R14=0x000000173ddfb338 is pointing into the stack for thread: 0x0000017d842d4800
R15=0x0000017d842d4800 is a thread


Registers:
RAX=0xfefefefefefefefe, RBX=0x0000017dff371950, RCX=0xfefefefefefefefe, RDX=0xfefefefefefefefe
RSP=0x000000173ddf8350, RBP=0x000000173ddf8920, RSI=0x0000000000000000, RDI=0x000000173ddf8590
R8 =0xfefefefefefefefe, R9 =0xfefefefefefefefe, R10=0xfefefefefefefefe, R11=0xfefefefefefefefe
R12=0x0000000000000000, R13=0x0000017dff371950, R14=0x000000173ddfb338, R15=0x0000017d842d4800
RIP=0x00007ffe8022a839, EFLAGS=0x0000000000000202

Top of Stack: (sp=0x000000173ddf8350)
0x000000173ddf8350:   fefefefefefefefe 0000017dff371950
0x000000173ddf8360:   0000000000000000 fefefefefefefefe
0x000000173ddf8370:   00000001e06d7363 0000000000000000
0x000000173ddf8380:   00007ffe8022a839 fefefefe00000004
0x000000173ddf8390:   0000000019930520 000000173ddf8508
0x000000173ddf83a0:   00007ffe32ab06c8 00007ffe318b0000
0x000000173ddf83b0:   0000017dff371950 0000000000000000
0x000000173ddf83c0:   0000000000000000 000000173ddf8920
0x000000173ddf83d0:   000000173ddf8460 00007ffe8307f49f
0x000000173ddf83e0:   000000173ddf8590 fefefefe00000000
0x000000173ddf83f0:   fefefefefefefefe fefefefefefefefe
0x000000173ddf8400:   00007ffe32afa000 00007ffe318b0000
0x000000173ddf8410:   0000c6c29884f39c fefefefefefefefe
0x000000173ddf8420:   0000017dff371950 00007ffe6e5d82b0
0x000000173ddf8430:   fefefefefefefefe fefefefefefefefe
0x000000173ddf8440:   fefefefefefefefe 00007ffe32062a42 

Instructions: (pc=0x00007ffe8022a839)
0x00007ffe8022a739:   fe ff ff 4c 8d 05 ed 46 20 00 33 d2 8d 4a 02 e8
0x00007ffe8022a749:   b3 17 02 00 48 8b f8 48 89 44 24 58 e9 ef fd ff
0x00007ffe8022a759:   ff 45 33 c0 49 8b d7 48 83 c9 ff e8 37 f0 02 00
0x00007ffe8022a769:   e9 09 ff ff ff 48 8b 0d c3 0f 23 00 e8 06 f2 ff
0x00007ffe8022a779:   ff 48 8b cf e8 4e a2 fe ff e9 f9 fe ff ff 49 8b
0x00007ffe8022a789:   ce e8 41 a2 fe ff e9 f5 fe ff ff 48 8b ce e8 34
0x00007ffe8022a799:   a2 fe ff e9 f1 fe ff ff cc cc cc cc cc cc cc cc
0x00007ffe8022a7a9:   cc cc cc cc cc cc cc 65 48 8b 04 25 30 00 00 00
0x00007ffe8022a7b9:   8b 40 68 c3 cc cc cc cc cc cc cc cc cc cc cc cc
0x00007ffe8022a7c9:   cc cc cc cc cc cc cc 48 81 ec d8 00 00 00 48 8b
0x00007ffe8022a7d9:   05 52 e6 22 00 48 33 c4 48 89 84 24 c0 00 00 00
0x00007ffe8022a7e9:   48 83 64 24 28 00 48 8d 05 da ff ff ff 83 e2 01
0x00007ffe8022a7f9:   89 4c 24 20 89 54 24 24 48 89 44 24 30 4d 85 c9
0x00007ffe8022a809:   74 4b b8 0f 00 00 00 48 8d 4c 24 40 44 3b c0 49
0x00007ffe8022a819:   8b d1 44 0f 47 c0 44 89 44 24 38 49 c1 e0 03 e8
0x00007ffe8022a829:   aa 4c 05 00 48 8d 4c 24 20 48 ff 15 af bf 16 00
0x00007ffe8022a839:   0f 1f 44 00 00 48 8b 8c 24 c0 00 00 00 48 33 cc
0x00007ffe8022a849:   e8 c2 ee 04 00 48 81 c4 d8 00 00 00 c3 83 64 24
0x00007ffe8022a859:   38 00 eb d0 cc cc cc cc cc cc cc 48 89 5c 24 08
0x00007ffe8022a869:   48 89 74 24 10 57 48 83 ec 20 8b da 48 8b f9 e8
0x00007ffe8022a879:   f3 d6 ff ff 33 f6 85 c0 0f 84 e1 86 06 00 85 db
0x00007ffe8022a889:   0f 84 d9 86 06 00 44 8d 4e 02 ba 09 10 00 20 4c
0x00007ffe8022a899:   8d 44 24 40 48 8b cf e8 7b b5 ff ff 85 c0 0f 84
0x00007ffe8022a8a9:   bb 86 06 00 39 5c 24 40 0f 85 b1 86 06 00 0f b7
0x00007ffe8022a8b9:   c3 48 8b 5c 24 30 48 8b 74 24 38 48 83 c4 20 5f
0x00007ffe8022a8c9:   c3 cc cc cc cc cc cc 48 89 5c 24 08 48 89 74 24
0x00007ffe8022a8d9:   10 57 48 83 ec 40 48 8b c2 48 8b f1 48 8b c8 33
0x00007ffe8022a8e9:   d2 49 8b d9 41 8b f8 e8 5b 6c ff ff 48 8b d0 48
0x00007ffe8022a8f9:   85 db 0f 85 9b 86 06 00 48 8b 44 24 78 44 8b c7
0x00007ffe8022a909:   44 8b 4c 24 70 48 8b ce 48 89 44 24 38 8d 43 01
0x00007ffe8022a919:   89 44 24 30 89 44 24 28 89 44 24 20 e8 16 00 00
0x00007ffe8022a929:   00 48 8b 5c 24 50 48 8b 74 24 58 48 83 c4 40 5f 


Stack slot to memory mapping:
stack at sp + 0 slots: 0xfefefefefefefefe is an unknown value
stack at sp + 1 slots: {method} {0x0000017dff371958} 'stitchPairImg' '(Ljava/lang/String;Ljava/lang/String;Ljava/lang/String;)Z' in 'me/lc/Stitch'
stack at sp + 2 slots: 0x0 is NULL
stack at sp + 3 slots: 0xfefefefefefefefe is an unknown value
stack at sp + 4 slots: 0x00000001e06d7363 is an unknown value
stack at sp + 5 slots: 0x0 is NULL
stack at sp + 6 slots: 0x00007ffe8022a839 KERNELBASE.dll
stack at sp + 7 slots: 0xfefefefe00000004 is an unknown value


---------------  P R O C E S S  ---------------

Threads class SMR info:
_java_thread_list=0x0000017dff8c2eb0, length=17, elements={
0x0000017dfedc4000, 0x0000017dfedc8000, 0x0000017dff655000, 0x0000017dfedde000,
0x0000017dfeddf000, 0x0000017dfede6000, 0x0000017dff6a7000, 0x0000017dff74d000,
0x0000017dff92a000, 0x0000017dff92e800, 0x0000017d84156800, 0x0000017d84178800,
0x0000017d84154000, 0x0000017d842d4800, 0x0000017de8e55800, 0x0000017d85ea2800,
0x0000017d85b4f000
}

Java Threads: ( => current thread )
  0x0000017dfedc4000 JavaThread "Reference Handler" daemon [_thread_blocked, id=11968, stack(0x000000173ce00000,0x000000173cf00000)]
  0x0000017dfedc8000 JavaThread "Finalizer" daemon [_thread_blocked, id=8420, stack(0x000000173cf00000,0x000000173d000000)]
  0x0000017dff655000 JavaThread "Signal Dispatcher" daemon [_thread_blocked, id=7704, stack(0x000000173d100000,0x000000173d200000)]
  0x0000017dfedde000 JavaThread "Attach Listener" daemon [_thread_blocked, id=11532, stack(0x000000173d200000,0x000000173d300000)]
  0x0000017dfeddf000 JavaThread "C2 CompilerThread0" daemon [_thread_blocked, id=6460, stack(0x000000173d300000,0x000000173d400000)]
  0x0000017dfede6000 JavaThread "C1 CompilerThread0" daemon [_thread_blocked, id=1636, stack(0x000000173d400000,0x000000173d500000)]
  0x0000017dff6a7000 JavaThread "Sweeper thread" daemon [_thread_blocked, id=1432, stack(0x000000173d500000,0x000000173d600000)]
  0x0000017dff74d000 JavaThread "Common-Cleaner" daemon [_thread_blocked, id=7820, stack(0x000000173d600000,0x000000173d700000)]
  0x0000017dff92a000 JavaThread "Monitor Ctrl-Break" daemon [_thread_in_native, id=4920, stack(0x000000173d800000,0x000000173d900000)]
  0x0000017dff92e800 JavaThread "Service Thread" daemon [_thread_blocked, id=12020, stack(0x000000173d900000,0x000000173da00000)]
  0x0000017d84156800 JavaThread "Java2D Disposer" daemon [_thread_blocked, id=10388, stack(0x000000173d700000,0x000000173d800000)]
  0x0000017d84178800 JavaThread "AWT-Shutdown" [_thread_blocked, id=2472, stack(0x000000173db00000,0x000000173dc00000)]
  0x0000017d84154000 JavaThread "AWT-Windows" daemon [_thread_in_native, id=9488, stack(0x000000173dc00000,0x000000173dd00000)]
=>0x0000017d842d4800 JavaThread "AWT-EventQueue-0" [_thread_in_native, id=13856, stack(0x000000173dd00000,0x000000173de00000)]
  0x0000017de8e55800 JavaThread "DestroyJavaVM" [_thread_blocked, id=12616, stack(0x000000173c700000,0x000000173c800000)]
  0x0000017d85ea2800 JavaThread "Swing-Shell" daemon [_thread_blocked, id=3288, stack(0x000000173e000000,0x000000173e100000)]
  0x0000017d85b4f000 JavaThread "TimerQueue" daemon [_thread_blocked, id=7036, stack(0x000000173e600000,0x000000173e700000)]

Other Threads:
  0x0000017dfeda1800 VMThread "VM Thread" [stack: 0x000000173cd00000,0x000000173ce00000] [id=2516]
  0x0000017d83fb4800 WatcherThread [stack: 0x000000173da00000,0x000000173db00000] [id=7220]
  0x0000017de8e70800 GCTaskThread "GC Thread#0" [stack: 0x000000173c800000,0x000000173c900000] [id=10552]
  0x0000017d85b6f800 GCTaskThread "GC Thread#1" [stack: 0x000000173e700000,0x000000173e800000] [id=12016]
  0x0000017d85b70000 GCTaskThread "GC Thread#2" [stack: 0x000000173e800000,0x000000173e900000] [id=11248]
  0x0000017d85b70800 GCTaskThread "GC Thread#3" [stack: 0x000000173e900000,0x000000173ea00000] [id=12560]
  0x0000017de8e9f000 ConcurrentGCThread "G1 Main Marker" [stack: 0x000000173c900000,0x000000173ca00000] [id=9952]
  0x0000017de8ea2800 ConcurrentGCThread "G1 Conc#0" [stack: 0x000000173ca00000,0x000000173cb00000] [id=14076]
  0x0000017dfec11800 ConcurrentGCThread "G1 Refine#0" [stack: 0x000000173cb00000,0x000000173cc00000] [id=4296]
  0x0000017de8f24000 ConcurrentGCThread "G1 Young RemSet Sampling" [stack: 0x000000173cc00000,0x000000173cd00000] [id=10752]

Threads with active compile tasks:

VM state:not at safepoint (normal execution)

VM Mutex/Monitor currently owned by a thread: None

Heap address: 0x0000000081400000, size: 2028 MB, Compressed Oops mode: 32-bit
Narrow klass base: 0x0000000000000000, Narrow klass shift: 3
Compressed class space size: 1073741824 Address: 0x0000000100000000

Heap:
 garbage-first heap   total 131072K, used 10125K [0x0000000081400000, 0x0000000100000000)
  region size 1024K, 5 young (5120K), 1 survivors (1024K)
 Metaspace       used 20061K, capacity 20620K, committed 20736K, reserved 1067008K
  class space    used 2242K, capacity 2473K, committed 2560K, reserved 1048576K
Heap Regions: E=young(eden), S=young(survivor), O=old, HS=humongous(starts), HC=humongous(continues), CS=collection set, F=free, A=archive, TAMS=top-at-mark-start (previous, next)
|   0|0x0000000081400000, 0x0000000081500000, 0x0000000081500000|100%|HS|  |TAMS 0x0000000081400000, 0x0000000081400000| Complete 
|   1|0x0000000081500000, 0x0000000081600000, 0x0000000081600000|100%|HC|  |TAMS 0x0000000081500000, 0x0000000081500000| Complete 
|   2|0x0000000081600000, 0x0000000081700000, 0x0000000081700000|100%|HC|  |TAMS 0x0000000081600000, 0x0000000081600000| Complete 
|   3|0x0000000081700000, 0x0000000081800000, 0x0000000081800000|100%| O|  |TAMS 0x0000000081700000, 0x0000000081700000| Untracked 
|   4|0x0000000081800000, 0x0000000081900000, 0x0000000081900000|100%| O|  |TAMS 0x0000000081800000, 0x0000000081800000| Untracked 
|   5|0x0000000081900000, 0x0000000081a00000, 0x0000000081a00000|100%| O|  |TAMS 0x0000000081900000, 0x0000000081900000| Untracked 
|   6|0x0000000081a00000, 0x0000000081a88800, 0x0000000081b00000| 53%| O|  |TAMS 0x0000000081a00000, 0x0000000081a00000| Untracked 
|   7|0x0000000081b00000, 0x0000000081b00000, 0x0000000081c00000|  0%| F|  |TAMS 0x0000000081b00000, 0x0000000081b00000| Untracked 
|   8|0x0000000081c00000, 0x0000000081c00000, 0x0000000081d00000|  0%| F|  |TAMS 0x0000000081c00000, 0x0000000081c00000| Untracked 
|   9|0x0000000081d00000, 0x0000000081d00000, 0x0000000081e00000|  0%| F|  |TAMS 0x0000000081d00000, 0x0000000081d00000| Untracked 
|  10|0x0000000081e00000, 0x0000000081e00000, 0x0000000081f00000|  0%| F|  |TAMS 0x0000000081e00000, 0x0000000081e00000| Untracked 
|  11|0x0000000081f00000, 0x0000000081f00000, 0x0000000082000000|  0%| F|  |TAMS 0x0000000081f00000, 0x0000000081f00000| Untracked 
|  12|0x0000000082000000, 0x0000000082000000, 0x0000000082100000|  0%| F|  |TAMS 0x0000000082000000, 0x0000000082000000| Untracked 
|  13|0x0000000082100000, 0x0000000082100000, 0x0000000082200000|  0%| F|  |TAMS 0x0000000082100000, 0x0000000082100000| Untracked 
|  14|0x0000000082200000, 0x0000000082200000, 0x0000000082300000|  0%| F|  |TAMS 0x0000000082200000, 0x0000000082200000| Untracked 
|  15|0x0000000082300000, 0x0000000082300000, 0x0000000082400000|  0%| F|  |TAMS 0x0000000082300000, 0x0000000082300000| Untracked 
|  16|0x0000000082400000, 0x0000000082400000, 0x0000000082500000|  0%| F|  |TAMS 0x0000000082400000, 0x0000000082400000| Untracked 
|  17|0x0000000082500000, 0x0000000082500000, 0x0000000082600000|  0%| F|  |TAMS 0x0000000082500000, 0x0000000082500000| Untracked 
|  18|0x0000000082600000, 0x0000000082600000, 0x0000000082700000|  0%| F|  |TAMS 0x0000000082600000, 0x0000000082600000| Untracked 
|  19|0x0000000082700000, 0x0000000082700000, 0x0000000082800000|  0%| F|  |TAMS 0x0000000082700000, 0x0000000082700000| Untracked 
|  20|0x0000000082800000, 0x0000000082800000, 0x0000000082900000|  0%| F|  |TAMS 0x0000000082800000, 0x0000000082800000| Untracked 
|  21|0x0000000082900000, 0x0000000082900000, 0x0000000082a00000|  0%| F|  |TAMS 0x0000000082900000, 0x0000000082900000| Untracked 
|  22|0x0000000082a00000, 0x0000000082a00000, 0x0000000082b00000|  0%| F|  |TAMS 0x0000000082a00000, 0x0000000082a00000| Untracked 
|  23|0x0000000082b00000, 0x0000000082b00000, 0x0000000082c00000|  0%| F|  |TAMS 0x0000000082b00000, 0x0000000082b00000| Untracked 
|  24|0x0000000082c00000, 0x0000000082c00000, 0x0000000082d00000|  0%| F|  |TAMS 0x0000000082c00000, 0x0000000082c00000| Untracked 
|  25|0x0000000082d00000, 0x0000000082d00000, 0x0000000082e00000|  0%| F|  |TAMS 0x0000000082d00000, 0x0000000082d00000| Untracked 
|  26|0x0000000082e00000, 0x0000000082e00000, 0x0000000082f00000|  0%| F|  |TAMS 0x0000000082e00000, 0x0000000082e00000| Untracked 
|  27|0x0000000082f00000, 0x0000000082f00000, 0x0000000083000000|  0%| F|  |TAMS 0x0000000082f00000, 0x0000000082f00000| Untracked 
|  28|0x0000000083000000, 0x0000000083000000, 0x0000000083100000|  0%| F|  |TAMS 0x0000000083000000, 0x0000000083000000| Untracked 
|  29|0x0000000083100000, 0x0000000083100000, 0x0000000083200000|  0%| F|  |TAMS 0x0000000083100000, 0x0000000083100000| Untracked 
|  30|0x0000000083200000, 0x0000000083200000, 0x0000000083300000|  0%| F|  |TAMS 0x0000000083200000, 0x0000000083200000| Untracked 
|  31|0x0000000083300000, 0x0000000083300000, 0x0000000083400000|  0%| F|  |TAMS 0x0000000083300000, 0x0000000083300000| Untracked 
|  32|0x0000000083400000, 0x0000000083400000, 0x0000000083500000|  0%| F|  |TAMS 0x0000000083400000, 0x0000000083400000| Untracked 
|  33|0x0000000083500000, 0x0000000083500000, 0x0000000083600000|  0%| F|  |TAMS 0x0000000083500000, 0x0000000083500000| Untracked 
|  34|0x0000000083600000, 0x0000000083600000, 0x0000000083700000|  0%| F|  |TAMS 0x0000000083600000, 0x0000000083600000| Untracked 
|  35|0x0000000083700000, 0x0000000083700000, 0x0000000083800000|  0%| F|  |TAMS 0x0000000083700000, 0x0000000083700000| Untracked 
|  36|0x0000000083800000, 0x0000000083800000, 0x0000000083900000|  0%| F|  |TAMS 0x0000000083800000, 0x0000000083800000| Untracked 
|  37|0x0000000083900000, 0x0000000083900000, 0x0000000083a00000|  0%| F|  |TAMS 0x0000000083900000, 0x0000000083900000| Untracked 
|  38|0x0000000083a00000, 0x0000000083a00000, 0x0000000083b00000|  0%| F|  |TAMS 0x0000000083a00000, 0x0000000083a00000| Untracked 
|  39|0x0000000083b00000, 0x0000000083b00000, 0x0000000083c00000|  0%| F|  |TAMS 0x0000000083b00000, 0x0000000083b00000| Untracked 
|  40|0x0000000083c00000, 0x0000000083c00000, 0x0000000083d00000|  0%| F|  |TAMS 0x0000000083c00000, 0x0000000083c00000| Untracked 
|  41|0x0000000083d00000, 0x0000000083d00000, 0x0000000083e00000|  0%| F|  |TAMS 0x0000000083d00000, 0x0000000083d00000| Untracked 
|  42|0x0000000083e00000, 0x0000000083e00000, 0x0000000083f00000|  0%| F|  |TAMS 0x0000000083e00000, 0x0000000083e00000| Untracked 
|  43|0x0000000083f00000, 0x0000000083f00000, 0x0000000084000000|  0%| F|  |TAMS 0x0000000083f00000, 0x0000000083f00000| Untracked 
|  44|0x0000000084000000, 0x0000000084000000, 0x0000000084100000|  0%| F|  |TAMS 0x0000000084000000, 0x0000000084000000| Untracked 
|  45|0x0000000084100000, 0x0000000084100000, 0x0000000084200000|  0%| F|  |TAMS 0x0000000084100000, 0x0000000084100000| Untracked 
|  46|0x0000000084200000, 0x0000000084200000, 0x0000000084300000|  0%| F|  |TAMS 0x0000000084200000, 0x0000000084200000| Untracked 
|  47|0x0000000084300000, 0x0000000084300000, 0x0000000084400000|  0%| F|  |TAMS 0x0000000084300000, 0x0000000084300000| Untracked 
|  48|0x0000000084400000, 0x0000000084400000, 0x0000000084500000|  0%| F|  |TAMS 0x0000000084400000, 0x0000000084400000| Untracked 
|  49|0x0000000084500000, 0x0000000084500000, 0x0000000084600000|  0%| F|  |TAMS 0x0000000084500000, 0x0000000084500000| Untracked 
|  50|0x0000000084600000, 0x0000000084600000, 0x0000000084700000|  0%| F|  |TAMS 0x0000000084600000, 0x0000000084600000| Untracked 
|  51|0x0000000084700000, 0x0000000084700000, 0x0000000084800000|  0%| F|  |TAMS 0x0000000084700000, 0x0000000084700000| Untracked 
|  52|0x0000000084800000, 0x0000000084800000, 0x0000000084900000|  0%| F|  |TAMS 0x0000000084800000, 0x0000000084800000| Untracked 
|  53|0x0000000084900000, 0x0000000084900000, 0x0000000084a00000|  0%| F|  |TAMS 0x0000000084900000, 0x0000000084900000| Untracked 
|  54|0x0000000084a00000, 0x0000000084a00000, 0x0000000084b00000|  0%| F|  |TAMS 0x0000000084a00000, 0x0000000084a00000| Untracked 
|  55|0x0000000084b00000, 0x0000000084b00000, 0x0000000084c00000|  0%| F|  |TAMS 0x0000000084b00000, 0x0000000084b00000| Untracked 
|  56|0x0000000084c00000, 0x0000000084c00000, 0x0000000084d00000|  0%| F|  |TAMS 0x0000000084c00000, 0x0000000084c00000| Untracked 
|  57|0x0000000084d00000, 0x0000000084d00000, 0x0000000084e00000|  0%| F|  |TAMS 0x0000000084d00000, 0x0000000084d00000| Untracked 
|  58|0x0000000084e00000, 0x0000000084e00000, 0x0000000084f00000|  0%| F|  |TAMS 0x0000000084e00000, 0x0000000084e00000| Untracked 
|  59|0x0000000084f00000, 0x0000000084f00000, 0x0000000085000000|  0%| F|  |TAMS 0x0000000084f00000, 0x0000000084f00000| Untracked 
|  60|0x0000000085000000, 0x0000000085000000, 0x0000000085100000|  0%| F|  |TAMS 0x0000000085000000, 0x0000000085000000| Untracked 
|  61|0x0000000085100000, 0x0000000085100000, 0x0000000085200000|  0%| F|  |TAMS 0x0000000085100000, 0x0000000085100000| Untracked 
|  62|0x0000000085200000, 0x0000000085200000, 0x0000000085300000|  0%| F|  |TAMS 0x0000000085200000, 0x0000000085200000| Untracked 
|  63|0x0000000085300000, 0x0000000085300000, 0x0000000085400000|  0%| F|  |TAMS 0x0000000085300000, 0x0000000085300000| Untracked 
|  64|0x0000000085400000, 0x0000000085400000, 0x0000000085500000|  0%| F|  |TAMS 0x0000000085400000, 0x0000000085400000| Untracked 
|  65|0x0000000085500000, 0x0000000085500000, 0x0000000085600000|  0%| F|  |TAMS 0x0000000085500000, 0x0000000085500000| Untracked 
|  66|0x0000000085600000, 0x0000000085600000, 0x0000000085700000|  0%| F|  |TAMS 0x0000000085600000, 0x0000000085600000| Untracked 
|  67|0x0000000085700000, 0x0000000085700000, 0x0000000085800000|  0%| F|  |TAMS 0x0000000085700000, 0x0000000085700000| Untracked 
|  68|0x0000000085800000, 0x0000000085800000, 0x0000000085900000|  0%| F|  |TAMS 0x0000000085800000, 0x0000000085800000| Untracked 
|  69|0x0000000085900000, 0x0000000085900000, 0x0000000085a00000|  0%| F|  |TAMS 0x0000000085900000, 0x0000000085900000| Untracked 
|  70|0x0000000085a00000, 0x0000000085a00000, 0x0000000085b00000|  0%| F|  |TAMS 0x0000000085a00000, 0x0000000085a00000| Untracked 
|  71|0x0000000085b00000, 0x0000000085b00000, 0x0000000085c00000|  0%| F|  |TAMS 0x0000000085b00000, 0x0000000085b00000| Untracked 
|  72|0x0000000085c00000, 0x0000000085c00000, 0x0000000085d00000|  0%| F|  |TAMS 0x0000000085c00000, 0x0000000085c00000| Untracked 
|  73|0x0000000085d00000, 0x0000000085d00000, 0x0000000085e00000|  0%| F|  |TAMS 0x0000000085d00000, 0x0000000085d00000| Untracked 
|  74|0x0000000085e00000, 0x0000000085e00000, 0x0000000085f00000|  0%| F|  |TAMS 0x0000000085e00000, 0x0000000085e00000| Untracked 
|  75|0x0000000085f00000, 0x0000000085f00000, 0x0000000086000000|  0%| F|  |TAMS 0x0000000085f00000, 0x0000000085f00000| Untracked 
|  76|0x0000000086000000, 0x0000000086000000, 0x0000000086100000|  0%| F|  |TAMS 0x0000000086000000, 0x0000000086000000| Untracked 
|  77|0x0000000086100000, 0x0000000086100000, 0x0000000086200000|  0%| F|  |TAMS 0x0000000086100000, 0x0000000086100000| Untracked 
|  78|0x0000000086200000, 0x0000000086200000, 0x0000000086300000|  0%| F|  |TAMS 0x0000000086200000, 0x0000000086200000| Untracked 
|  79|0x0000000086300000, 0x0000000086300000, 0x0000000086400000|  0%| F|  |TAMS 0x0000000086300000, 0x0000000086300000| Untracked 
|  80|0x0000000086400000, 0x0000000086400000, 0x0000000086500000|  0%| F|  |TAMS 0x0000000086400000, 0x0000000086400000| Untracked 
|  81|0x0000000086500000, 0x0000000086500000, 0x0000000086600000|  0%| F|  |TAMS 0x0000000086500000, 0x0000000086500000| Untracked 
|  82|0x0000000086600000, 0x0000000086600000, 0x0000000086700000|  0%| F|  |TAMS 0x0000000086600000, 0x0000000086600000| Untracked 
|  83|0x0000000086700000, 0x0000000086700000, 0x0000000086800000|  0%| F|  |TAMS 0x0000000086700000, 0x0000000086700000| Untracked 
|  84|0x0000000086800000, 0x0000000086800000, 0x0000000086900000|  0%| F|  |TAMS 0x0000000086800000, 0x0000000086800000| Untracked 
|  85|0x0000000086900000, 0x0000000086900000, 0x0000000086a00000|  0%| F|  |TAMS 0x0000000086900000, 0x0000000086900000| Untracked 
|  86|0x0000000086a00000, 0x0000000086a00000, 0x0000000086b00000|  0%| F|  |TAMS 0x0000000086a00000, 0x0000000086a00000| Untracked 
|  87|0x0000000086b00000, 0x0000000086b00000, 0x0000000086c00000|  0%| F|  |TAMS 0x0000000086b00000, 0x0000000086b00000| Untracked 
|  88|0x0000000086c00000, 0x0000000086c00000, 0x0000000086d00000|  0%| F|  |TAMS 0x0000000086c00000, 0x0000000086c00000| Untracked 
|  89|0x0000000086d00000, 0x0000000086d00000, 0x0000000086e00000|  0%| F|  |TAMS 0x0000000086d00000, 0x0000000086d00000| Untracked 
|  90|0x0000000086e00000, 0x0000000086e00000, 0x0000000086f00000|  0%| F|  |TAMS 0x0000000086e00000, 0x0000000086e00000| Untracked 
|  91|0x0000000086f00000, 0x0000000086f00000, 0x0000000087000000|  0%| F|  |TAMS 0x0000000086f00000, 0x0000000086f00000| Untracked 
|  92|0x0000000087000000, 0x0000000087000000, 0x0000000087100000|  0%| F|  |TAMS 0x0000000087000000, 0x0000000087000000| Untracked 
|  93|0x0000000087100000, 0x0000000087100000, 0x0000000087200000|  0%| F|  |TAMS 0x0000000087100000, 0x0000000087100000| Untracked 
|  94|0x0000000087200000, 0x0000000087200000, 0x0000000087300000|  0%| F|  |TAMS 0x0000000087200000, 0x0000000087200000| Untracked 
|  95|0x0000000087300000, 0x0000000087300000, 0x0000000087400000|  0%| F|  |TAMS 0x0000000087300000, 0x0000000087300000| Untracked 
|  96|0x0000000087400000, 0x0000000087400000, 0x0000000087500000|  0%| F|  |TAMS 0x0000000087400000, 0x0000000087400000| Untracked 
|  97|0x0000000087500000, 0x0000000087500000, 0x0000000087600000|  0%| F|  |TAMS 0x0000000087500000, 0x0000000087500000| Untracked 
|  98|0x0000000087600000, 0x0000000087600000, 0x0000000087700000|  0%| F|  |TAMS 0x0000000087600000, 0x0000000087600000| Untracked 
|  99|0x0000000087700000, 0x0000000087700000, 0x0000000087800000|  0%| F|  |TAMS 0x0000000087700000, 0x0000000087700000| Untracked 
| 100|0x0000000087800000, 0x0000000087800000, 0x0000000087900000|  0%| F|  |TAMS 0x0000000087800000, 0x0000000087800000| Untracked 
| 101|0x0000000087900000, 0x0000000087900000, 0x0000000087a00000|  0%| F|  |TAMS 0x0000000087900000, 0x0000000087900000| Untracked 
| 102|0x0000000087a00000, 0x0000000087a00000, 0x0000000087b00000|  0%| F|  |TAMS 0x0000000087a00000, 0x0000000087a00000| Untracked 
| 103|0x0000000087b00000, 0x0000000087b00000, 0x0000000087c00000|  0%| F|  |TAMS 0x0000000087b00000, 0x0000000087b00000| Untracked 
| 104|0x0000000087c00000, 0x0000000087c00000, 0x0000000087d00000|  0%| F|  |TAMS 0x0000000087c00000, 0x0000000087c00000| Untracked 
| 105|0x0000000087d00000, 0x0000000087d00000, 0x0000000087e00000|  0%| F|  |TAMS 0x0000000087d00000, 0x0000000087d00000| Untracked 
| 106|0x0000000087e00000, 0x0000000087e00000, 0x0000000087f00000|  0%| F|  |TAMS 0x0000000087e00000, 0x0000000087e00000| Untracked 
| 107|0x0000000087f00000, 0x0000000087f00000, 0x0000000088000000|  0%| F|  |TAMS 0x0000000087f00000, 0x0000000087f00000| Untracked 
| 108|0x0000000088000000, 0x0000000088000000, 0x0000000088100000|  0%| F|  |TAMS 0x0000000088000000, 0x0000000088000000| Untracked 
| 109|0x0000000088100000, 0x0000000088100000, 0x0000000088200000|  0%| F|  |TAMS 0x0000000088100000, 0x0000000088100000| Untracked 
| 110|0x0000000088200000, 0x0000000088200000, 0x0000000088300000|  0%| F|  |TAMS 0x0000000088200000, 0x0000000088200000| Untracked 
| 111|0x0000000088300000, 0x0000000088300000, 0x0000000088400000|  0%| F|  |TAMS 0x0000000088300000, 0x0000000088300000| Untracked 
| 112|0x0000000088400000, 0x0000000088400000, 0x0000000088500000|  0%| F|  |TAMS 0x0000000088400000, 0x0000000088400000| Untracked 
| 113|0x0000000088500000, 0x0000000088500000, 0x0000000088600000|  0%| F|  |TAMS 0x0000000088500000, 0x0000000088500000| Untracked 
| 114|0x0000000088600000, 0x0000000088600000, 0x0000000088700000|  0%| F|  |TAMS 0x0000000088600000, 0x0000000088600000| Untracked 
| 115|0x0000000088700000, 0x0000000088700000, 0x0000000088800000|  0%| F|  |TAMS 0x0000000088700000, 0x0000000088700000| Untracked 
| 116|0x0000000088800000, 0x0000000088800000, 0x0000000088900000|  0%| F|  |TAMS 0x0000000088800000, 0x0000000088800000| Untracked 
| 117|0x0000000088900000, 0x0000000088900000, 0x0000000088a00000|  0%| F|  |TAMS 0x0000000088900000, 0x0000000088900000| Untracked 
| 118|0x0000000088a00000, 0x0000000088a00000, 0x0000000088b00000|  0%| F|  |TAMS 0x0000000088a00000, 0x0000000088a00000| Untracked 
| 119|0x0000000088b00000, 0x0000000088b00000, 0x0000000088c00000|  0%| F|  |TAMS 0x0000000088b00000, 0x0000000088b00000| Untracked 
| 120|0x0000000088c00000, 0x0000000088c00000, 0x0000000088d00000|  0%| F|  |TAMS 0x0000000088c00000, 0x0000000088c00000| Untracked 
| 121|0x0000000088d00000, 0x0000000088d00000, 0x0000000088e00000|  0%| F|  |TAMS 0x0000000088d00000, 0x0000000088d00000| Untracked 
| 122|0x0000000088e00000, 0x0000000088e5afe0, 0x0000000088f00000| 35%| S|CS|TAMS 0x0000000088e00000, 0x0000000088e00000| Complete 
| 123|0x0000000088f00000, 0x0000000088f00000, 0x0000000089000000|  0%| F|  |TAMS 0x0000000088f00000, 0x0000000088f00000| Untracked 
| 124|0x0000000089000000, 0x00000000890811c0, 0x0000000089100000| 50%| E|  |TAMS 0x0000000089000000, 0x0000000089000000| Complete 
| 125|0x0000000089100000, 0x0000000089200000, 0x0000000089200000|100%| E|CS|TAMS 0x0000000089100000, 0x0000000089100000| Complete 
| 126|0x0000000089200000, 0x0000000089300000, 0x0000000089300000|100%| E|CS|TAMS 0x0000000089200000, 0x0000000089200000| Complete 
| 127|0x0000000089300000, 0x0000000089400000, 0x0000000089400000|100%| E|CS|TAMS 0x0000000089300000, 0x0000000089300000| Complete 

Card table byte_map: [0x0000017dfc120000,0x0000017dfc520000] _byte_map_base: 0x0000017dfbd16000

Marking Bits (Prev, Next): (CMBitMap*) 0x0000017de8e964a8, (CMBitMap*) 0x0000017de8e964e0
 Prev Bits: [0x0000017dfc920000, 0x0000017dfe8d0000)
 Next Bits: [0x0000017d80000000, 0x0000017d81fb0000)

Polling page: 0x0000017de6c20000

Metaspace:

Usage:
  Non-class:     17.72 MB capacity,    17.40 MB ( 98%) used,   270.98 KB (  1%) free+waste,    57.00 KB ( <1%) overhead. 
      Class:      2.42 MB capacity,     2.19 MB ( 91%) used,   200.87 KB (  8%) free+waste,    29.50 KB (  1%) overhead. 
       Both:     20.14 MB capacity,    19.59 MB ( 97%) used,   471.84 KB (  2%) free+waste,    86.50 KB ( <1%) overhead. 

Virtual space:
  Non-class space:       18.00 MB reserved,      17.75 MB ( 99%) committed 
      Class space:        1.00 GB reserved,       2.50 MB ( <1%) committed 
             Both:        1.02 GB reserved,      20.25 MB (  2%) committed 

Chunk freelists:
   Non-Class:  29.00 KB
       Class:  0 bytes
        Both:  29.00 KB

MaxMetaspaceSize: 17179869184.00 GB
CompressedClassSpaceSize: 1.00 GB

CodeHeap 'non-profiled nmethods': size=120064Kb used=715Kb max_used=715Kb free=119348Kb
 bounds [0x0000017df47e0000, 0x0000017df4a50000, 0x0000017dfbd20000]
CodeHeap 'profiled nmethods': size=120000Kb used=4156Kb max_used=4156Kb free=115843Kb
 bounds [0x0000017ded2b0000, 0x0000017ded6c0000, 0x0000017df47e0000]
CodeHeap 'non-nmethods': size=5696Kb used=1239Kb max_used=1258Kb free=4456Kb
 bounds [0x0000017decd20000, 0x0000017decf90000, 0x0000017ded2b0000]
 total_blobs=3295 nmethods=2058 adapters=529
 compilation: enabled
              stopped_count=0, restarted_count=0
 full_count=0

Compilation events (20 events):
Event: 59.994 Thread 0x0000017dfede6000 nmethod 2042 0x0000017ded6b7b90 code [0x0000017ded6b8100, 0x0000017ded6bb0e0]
Event: 59.994 Thread 0x0000017dfede6000 2043       3       java.util.ArrayList::toArray (12 bytes)
Event: 59.994 Thread 0x0000017dfede6000 nmethod 2043 0x0000017ded6bbc10 code [0x0000017ded6bbde0, 0x0000017ded6bc010]
Event: 59.994 Thread 0x0000017dfede6000 2041       3       java.lang.invoke.InvokerBytecodeGenerator::<init> (108 bytes)
Event: 59.995 Thread 0x0000017dfede6000 nmethod 2041 0x0000017ded6bc110 code [0x0000017ded6bc380, 0x0000017ded6bcf00]
Event: 59.995 Thread 0x0000017dfede6000 2049       3       java.lang.invoke.LambdaFormBuffer::insertExpression (30 bytes)
Event: 59.996 Thread 0x0000017dfede6000 nmethod 2049 0x0000017ded6bd290 code [0x0000017ded6bd440, 0x0000017ded6bd5f0]
Event: 59.996 Thread 0x0000017dfede6000 2052       1       java.lang.invoke.ClassSpecializer::topClass (5 bytes)
Event: 59.996 Thread 0x0000017dfede6000 nmethod 2052 0x0000017df488ff90 code [0x0000017df4890140, 0x0000017df4890258]
Event: 59.996 Thread 0x0000017dfede6000 2051       3       java.lang.invoke.InvokerBytecodeGenerator::emitReturnInsn (126 bytes)
Event: 59.997 Thread 0x0000017dfede6000 nmethod 2051 0x0000017ded6bd690 code [0x0000017ded6bd940, 0x0000017ded6be5f0]
Event: 59.997 Thread 0x0000017dfeddf000 nmethod 2035 0x0000017df4890510 code [0x0000017df48906c0, 0x0000017df48908c8]
Event: 59.997 Thread 0x0000017dfede6000 2054       1       java.lang.invoke.LambdaForm::arity (5 bytes)
Event: 59.997 Thread 0x0000017dfeddf000 2046       4       java.lang.invoke.InvokerBytecodeGenerator::emitPushArgument (120 bytes)
Event: 59.997 Thread 0x0000017dfede6000 nmethod 2054 0x0000017df4890b90 code [0x0000017df4890d40, 0x0000017df4890e58]
Event: 59.999 Thread 0x0000017dfede6000 2058       3       java.lang.invoke.MethodHandle::asType (28 bytes)
Event: 59.999 Thread 0x0000017dfede6000 nmethod 2058 0x0000017ded6bea10 code [0x0000017ded6bebe0, 0x0000017ded6bef70]
Event: 60.013 Thread 0x0000017dfeddf000 nmethod 2046 0x0000017df4891310 code [0x0000017df4891540, 0x0000017df4892000]
Event: 60.013 Thread 0x0000017dfeddf000 2047       4       java.lang.invoke.InvokerBytecodeGenerator::loadInsnOpcode (86 bytes)
Event: 60.014 Thread 0x0000017dfeddf000 nmethod 2047 0x0000017df4892a10 code [0x0000017df4892ba0, 0x0000017df4892c58]

GC Heap History (4 events):
Event: 4.189 GC heap before
{Heap before GC invocations=0 (full 0):
 garbage-first heap   total 131072K, used 18432K [0x0000000081400000, 0x0000000100000000)
  region size 1024K, 14 young (14336K), 0 survivors (0K)
 Metaspace       used 18956K, capacity 19438K, committed 19584K, reserved 1067008K
  class space    used 2142K, capacity 2353K, committed 2432K, reserved 1048576K
}
Event: 4.200 GC heap after
{Heap after GC invocations=1 (full 0):
 garbage-first heap   total 131072K, used 6716K [0x0000000081400000, 0x0000000100000000)
  region size 1024K, 2 young (2048K), 2 survivors (2048K)
 Metaspace       used 18956K, capacity 19438K, committed 19584K, reserved 1067008K
  class space    used 2142K, capacity 2353K, committed 2432K, reserved 1048576K
}
Event: 15.515 GC heap before
{Heap before GC invocations=1 (full 0):
 garbage-first heap   total 131072K, used 11836K [0x0000000081400000, 0x0000000100000000)
  region size 1024K, 7 young (7168K), 2 survivors (2048K)
 Metaspace       used 19517K, capacity 19991K, committed 20096K, reserved 1067008K
  class space    used 2174K, capacity 2388K, committed 2432K, reserved 1048576K
}
Event: 15.522 GC heap after
{Heap after GC invocations=2 (full 0):
 garbage-first heap   total 131072K, used 7053K [0x0000000081400000, 0x0000000100000000)
  region size 1024K, 1 young (1024K), 1 survivors (1024K)
 Metaspace       used 19517K, capacity 19991K, committed 20096K, reserved 1067008K
  class space    used 2174K, capacity 2388K, committed 2432K, reserved 1048576K
}

Deoptimization events (20 events):
Event: 2.662 Thread 0x0000017d842d4800 DEOPT PACKING pc=0x0000017df48460bc sp=0x000000173ddf9f30
Event: 2.662 Thread 0x0000017d842d4800 DEOPT UNPACKING pc=0x0000017decd48f2f sp=0x000000173ddf9e98 mode 2
Event: 2.662 Thread 0x0000017d842d4800 Uncommon trap: trap_request=0xffffffde fr.pc=0x0000017df48460bc relative=0x000000000000035c
Event: 2.662 Thread 0x0000017d842d4800 Uncommon trap: reason=class_check action=maybe_recompile pc=0x0000017df48460bc method=java.util.HashMap.getNode(ILjava/lang/Object;)Ljava/util/HashMap$Node; @ 126 c2
Event: 2.662 Thread 0x0000017d842d4800 DEOPT PACKING pc=0x0000017df48460bc sp=0x000000173ddf9f30
Event: 2.662 Thread 0x0000017d842d4800 DEOPT UNPACKING pc=0x0000017decd48f2f sp=0x000000173ddf9e98 mode 2
Event: 2.981 Thread 0x0000017d842d4800 Uncommon trap: trap_request=0xffffffde fr.pc=0x0000017df481efd0 relative=0x0000000000000e30
Event: 2.981 Thread 0x0000017d842d4800 Uncommon trap: reason=class_check action=maybe_recompile pc=0x0000017df481efd0 method=java.util.HashMap.putVal(ILjava/lang/Object;Ljava/lang/Object;ZZ)Ljava/lang/Object; @ 91 c2
Event: 2.981 Thread 0x0000017d842d4800 DEOPT PACKING pc=0x0000017df481efd0 sp=0x000000173ddf9900
Event: 2.982 Thread 0x0000017d842d4800 DEOPT UNPACKING pc=0x0000017decd48f2f sp=0x000000173ddf9820 mode 2
Event: 2.982 Thread 0x0000017d842d4800 Uncommon trap: trap_request=0xffffffde fr.pc=0x0000017df481efd0 relative=0x0000000000000e30
Event: 2.982 Thread 0x0000017d842d4800 Uncommon trap: reason=class_check action=maybe_recompile pc=0x0000017df481efd0 method=java.util.HashMap.putVal(ILjava/lang/Object;Ljava/lang/Object;ZZ)Ljava/lang/Object; @ 91 c2
Event: 2.982 Thread 0x0000017d842d4800 DEOPT PACKING pc=0x0000017df481efd0 sp=0x000000173ddf9900
Event: 2.982 Thread 0x0000017d842d4800 DEOPT UNPACKING pc=0x0000017decd48f2f sp=0x000000173ddf9820 mode 2
Event: 3.014 Thread 0x0000017d842d4800 Uncommon trap: trap_request=0xffffff4d fr.pc=0x0000017df4848230 relative=0x0000000000000190
Event: 3.014 Thread 0x0000017d842d4800 Uncommon trap: reason=unstable_if action=reinterpret pc=0x0000017df4848230 method=java.lang.String.equals(Ljava/lang/Object;)Z @ 34 c2
Event: 3.014 Thread 0x0000017d842d4800 DEOPT PACKING pc=0x0000017df4848230 sp=0x000000173ddfa280
Event: 3.014 Thread 0x0000017d842d4800 DEOPT UNPACKING pc=0x0000017decd48f2f sp=0x000000173ddfa208 mode 2
Event: 7.348 Thread 0x0000017d842d4800 DEOPT PACKING pc=0x0000017ded44e609 sp=0x000000173ddf3ad0
Event: 7.348 Thread 0x0000017d842d4800 DEOPT UNPACKING pc=0x0000017decd48d4e sp=0x000000173ddf2f70 mode 0

Classes redefined (0 events):
No events

Internal exceptions (20 events):
Event: 0.648 Thread 0x0000017de8e55800 Exception <a 'java/lang/NoSuchMethodError'{0x0000000088fe62c0}: 'java.lang.Object java.lang.invoke.DirectMethodHandle$Holder.invokeStatic(java.lang.Object, java.lang.Object, java.lang.Object, java.lang.Object, java.lang.Object, java.lang.Object, java.lang
Event: 0.757 Thread 0x0000017de8e55800 Exception <a 'java/lang/NoSuchMethodError'{0x0000000088efe070}: 'java.lang.Object java.lang.invoke.DirectMethodHandle$Holder.invokeStatic(java.lang.Object, int, java.lang.Object, java.lang.Object, java.lang.Object, java.lang.Object)'> (0x0000000088efe070)
Event: 0.758 Thread 0x0000017de8e55800 Exception <a 'java/lang/NoSuchMethodError'{0x0000000088d057e8}: 'java.lang.Object java.lang.invoke.DirectMethodHandle$Holder.invokeStatic(java.lang.Object, int, java.lang.Object, java.lang.Object, java.lang.Object)'> (0x0000000088d057e8) thrown at [c:/Bui
Event: 0.759 Thread 0x0000017de8e55800 Exception <a 'java/lang/NoSuchMethodError'{0x0000000088d09330}: 'java.lang.Object java.lang.invoke.DirectMethodHandle$Holder.invokeSpecial(java.lang.Object, java.lang.Object, int, java.lang.Object, java.lang.Object, java.lang.Object)'> (0x0000000088d09330
Event: 0.763 Thread 0x0000017de8e55800 Exception <a 'java/lang/NoSuchMethodError'{0x0000000088d20c10}: 'java.lang.Object java.lang.invoke.DirectMethodHandle$Holder.invokeStatic(java.lang.Object, int, java.lang.Object)'> (0x0000000088d20c10) thrown at [c:/BuildAgent/work/5ff2f6c26000d570/src/ho
Event: 0.866 Thread 0x0000017de8e55800 Exception <a 'java/lang/ClassNotFoundException'{0x0000000088dcb718}: com/sun/swing/internal/plaf/metal/resources/spi/metalProvider> (0x0000000088dcb718) thrown at [c:/BuildAgent/work/5ff2f6c26000d570/src/hotspot/share/classfile/systemDictionary.cpp, line 
Event: 0.875 Thread 0x0000017de8e55800 Exception <a 'java/lang/ClassNotFoundException'{0x0000000088dd19b8}: com/sun/swing/internal/plaf/basic/resources/spi/basicProvider> (0x0000000088dd19b8) thrown at [c:/BuildAgent/work/5ff2f6c26000d570/src/hotspot/share/classfile/systemDictionary.cpp, line 
Event: 1.042 Thread 0x0000017de8e55800 Exception <a 'java/lang/NoSuchMethodError'{0x0000000088c97d80}: 'void java.lang.invoke.DirectMethodHandle$Holder.invokeStaticInit(java.lang.Object)'> (0x0000000088c97d80) thrown at [c:/BuildAgent/work/5ff2f6c26000d570/src/hotspot/share/interpreter/linkRes
Event: 1.075 Thread 0x0000017de8e55800 Exception <a 'java/io/FileNotFoundException'{0x0000000088ca66d0}> (0x0000000088ca66d0) thrown at [c:/BuildAgent/work/5ff2f6c26000d570/src/hotspot/share/prims/jni.cpp, line 615]
Event: 1.075 Thread 0x0000017de8e55800 Exception <a 'java/lang/NullPointerException'{0x0000000088ca6f30}> (0x0000000088ca6f30) thrown at [c:/BuildAgent/work/5ff2f6c26000d570/src/hotspot/share/interpreter/linkResolver.cpp, line 1358]
Event: 1.189 Thread 0x0000017de8e55800 Exception <a 'java/lang/NoSuchMethodError'{0x0000000088a9b3c0}: 'java.lang.Object java.lang.invoke.DirectMethodHandle$Holder.invokeStatic(java.lang.Object, java.lang.Object, java.lang.Object, java.lang.Object, java.lang.Object, java.lang.Object, java.lang
Event: 1.192 Thread 0x0000017de8e55800 Exception <a 'java/lang/NoSuchMethodError'{0x0000000088ab95c8}: 'java.lang.Object java.lang.invoke.DirectMethodHandle$Holder.invokeStatic(java.lang.Object, java.lang.Object, java.lang.Object, java.lang.Object, java.lang.Object, java.lang.Object, java.lang
Event: 1.197 Thread 0x0000017de8e55800 Exception <a 'java/lang/NoSuchMethodError'{0x0000000088ad87a8}: 'java.lang.Object java.lang.invoke.DirectMethodHandle$Holder.invokeStatic(java.lang.Object, java.lang.Object, java.lang.Object, java.lang.Object, java.lang.Object, java.lang.Object, java.lang
Event: 1.199 Thread 0x0000017de8e55800 Exception <a 'java/lang/NoSuchMethodError'{0x0000000088ae4758}: 'java.lang.Object java.lang.invoke.Invokers$Holder.linkToTargetMethod(java.lang.Object, int, java.lang.Object)'> (0x0000000088ae4758) thrown at [c:/BuildAgent/work/5ff2f6c26000d570/src/hotspo
Event: 1.290 Thread 0x0000017d842d4800 Exception <a 'java/lang/NoSuchMethodError'{0x0000000088912d90}: 'java.lang.Object java.lang.invoke.DirectMethodHandle$Holder.invokeStatic(java.lang.Object, java.lang.Object, java.lang.Object, java.lang.Object, java.lang.Object, java.lang.Object, java.lang
Event: 19.933 Thread 0x0000017d842d4800 Exception <a 'java/lang/NoSuchMethodError'{0x0000000089178280}: 'java.lang.Object java.lang.invoke.DirectMethodHandle$Holder.invokeStatic(java.lang.Object, java.lang.Object, java.lang.Object, java.lang.Object, java.lang.Object, java.lang.Object, java.lang
Event: 19.935 Thread 0x0000017d842d4800 Exception <a 'java/lang/NoSuchMethodError'{0x00000000891847a0}: 'java.lang.Object java.lang.invoke.DirectMethodHandle$Holder.invokeStatic(java.lang.Object, java.lang.Object, java.lang.Object, java.lang.Object, java.lang.Object, java.lang.Object, java.lang
Event: 59.989 Thread 0x0000017d842d4800 Exception <a 'java/lang/NoSuchMethodError'{0x00000000891f0938}: 'java.lang.Object java.lang.invoke.DirectMethodHandle$Holder.invokeSpecial(java.lang.Object, java.lang.Object, int, int, int, java.lang.Object, java.lang.Object, java.lang.Object)'> (0x000000
Event: 59.989 Thread 0x0000017d842d4800 Exception <a 'java/lang/NoSuchMethodError'{0x00000000891f4220}: 'java.lang.Object java.lang.invoke.DelegatingMethodHandle$Holder.reinvoke_L(java.lang.Object, int, int, int, java.lang.Object, java.lang.Object, java.lang.Object)'> (0x00000000891f4220) throw
Event: 59.990 Thread 0x0000017d842d4800 Exception <a 'java/lang/NoSuchMethodError'{0x00000000891fb800}: 'java.lang.Object java.lang.invoke.DirectMethodHandle$Holder.invokeStatic(java.lang.Object, java.lang.Object, java.lang.Object, java.lang.Object, java.lang.Object, int)'> (0x00000000891fb800)

Events (20 events):
Event: 19.928 Executing VM operation: RevokeBias
Event: 19.928 Executing VM operation: RevokeBias done
Event: 19.929 Executing VM operation: RevokeBias
Event: 19.929 Executing VM operation: RevokeBias done
Event: 19.933 loading class java/lang/invoke/BoundMethodHandle$Species_LLLLLLLLLLI
Event: 19.933 loading class java/lang/invoke/BoundMethodHandle$Species_LLLLLLLLLLI done
Event: 19.934 loading class java/lang/invoke/BoundMethodHandle$Species_LLLLLLLLLLII
Event: 19.934 loading class java/lang/invoke/BoundMethodHandle$Species_LLLLLLLLLLII done
Event: 59.979 Executing VM operation: RevokeBias
Event: 59.979 Executing VM operation: RevokeBias done
Event: 59.990 loading class java/lang/invoke/BoundMethodHandle$Species_LLI
Event: 59.990 loading class java/lang/invoke/BoundMethodHandle$Species_LLI done
Event: 59.991 loading class java/lang/invoke/BoundMethodHandle$Species_LLII
Event: 59.991 loading class java/lang/invoke/BoundMethodHandle$Species_LLII done
Event: 59.993 loading class java/lang/invoke/BoundMethodHandle$Species_LLIIL
Event: 59.993 loading class java/lang/invoke/BoundMethodHandle$Species_LLIIL done
Event: 59.995 loading class java/lang/invoke/BoundMethodHandle$Species_LLIILL
Event: 59.995 loading class java/lang/invoke/BoundMethodHandle$Species_LLIILL done
Event: 59.996 loading class java/lang/invoke/BoundMethodHandle$Species_LLIILLL
Event: 59.996 loading class java/lang/invoke/BoundMethodHandle$Species_LLIILLL done


Dynamic libraries:
0x00007ff6f6d60000 - 0x00007ff6f6d6a000 	D:\softwares\idea-community\jbr\bin\java.exe
0x00007ffe83060000 - 0x00007ffe83250000 	C:\Windows\SYSTEM32\ntdll.dll
0x00007ffe82bd0000 - 0x00007ffe82c82000 	C:\Windows\System32\KERNEL32.DLL
0x00007ffe801f0000 - 0x00007ffe80493000 	C:\Windows\System32\KERNELBASE.dll
0x00007ffe80090000 - 0x00007ffe8018a000 	C:\Windows\System32\ucrtbase.dll
0x00007ffe6fe70000 - 0x00007ffe6fe89000 	D:\softwares\idea-community\jbr\bin\jli.dll
0x00007ffe81170000 - 0x00007ffe81304000 	C:\Windows\System32\USER32.dll
0x00007ffe80190000 - 0x00007ffe801b1000 	C:\Windows\System32\win32u.dll
0x00007ffe82c90000 - 0x00007ffe82cb6000 	C:\Windows\System32\GDI32.dll
0x00007ffe804a0000 - 0x00007ffe80634000 	C:\Windows\System32\gdi32full.dll
0x00007ffe7fff0000 - 0x00007ffe8008e000 	C:\Windows\System32\msvcp_win.dll
0x00007ffe6fa90000 - 0x00007ffe6faa7000 	D:\softwares\idea-community\jbr\bin\VCRUNTIME140.dll
0x00007ffe723b0000 - 0x00007ffe72635000 	C:\Windows\WinSxS\amd64_microsoft.windows.common-controls_6595b64144ccf1df_6.0.18362.592_none_e6c0b1911312be02\COMCTL32.dll
0x00007ffe82f80000 - 0x00007ffe8301e000 	C:\Windows\System32\msvcrt.dll
0x00007ffe81b10000 - 0x00007ffe81e46000 	C:\Windows\System32\combase.dll
0x00007ffe819f0000 - 0x00007ffe81b10000 	C:\Windows\System32\RPCRT4.dll
0x00007ffe80640000 - 0x00007ffe806c0000 	C:\Windows\System32\bcryptPrimitives.dll
0x00007ffe81370000 - 0x00007ffe8139e000 	C:\Windows\System32\IMM32.DLL
0x00007ffe58c40000 - 0x00007ffe58cdd000 	D:\softwares\idea-community\jbr\bin\msvcp140.dll
0x00007ffe47fd0000 - 0x00007ffe48a8b000 	D:\softwares\idea-community\jbr\bin\server\jvm.dll
0x00007ffe82040000 - 0x00007ffe820e3000 	C:\Windows\System32\ADVAPI32.dll
0x00007ffe82290000 - 0x00007ffe82327000 	C:\Windows\System32\sechost.dll
0x00007ffe81e60000 - 0x00007ffe81e68000 	C:\Windows\System32\PSAPI.DLL
0x00007ffe7c7a0000 - 0x00007ffe7c7a9000 	C:\Windows\SYSTEM32\WSOCK32.dll
0x00007ffe820f0000 - 0x00007ffe8215f000 	C:\Windows\System32\WS2_32.dll
0x00007ffe773f0000 - 0x00007ffe77414000 	C:\Windows\SYSTEM32\WINMM.dll
0x00007ffe777b0000 - 0x00007ffe777ba000 	C:\Windows\SYSTEM32\VERSION.dll
0x00007ffe773c0000 - 0x00007ffe773ed000 	C:\Windows\SYSTEM32\WINMMBASE.dll
0x00007ffe806e0000 - 0x00007ffe8072a000 	C:\Windows\System32\cfgmgr32.dll
0x00007ffe7ff40000 - 0x00007ffe7ff51000 	C:\Windows\System32\kernel.appcore.dll
0x00007ffe7c3a0000 - 0x00007ffe7c3b1000 	D:\softwares\idea-community\jbr\bin\verify.dll
0x00007ffe75c10000 - 0x00007ffe75e04000 	C:\Windows\SYSTEM32\DBGHELP.DLL
0x00007ffe75be0000 - 0x00007ffe75c0a000 	C:\Windows\SYSTEM32\dbgcore.DLL
0x00007ffe79c70000 - 0x00007ffe79c99000 	D:\softwares\idea-community\jbr\bin\java.dll
0x00007ffe76fa0000 - 0x00007ffe76faf000 	D:\softwares\idea-community\jbr\bin\instrument.dll
0x00007ffe7b880000 - 0x00007ffe7b897000 	D:\softwares\idea-community\jbr\bin\zip.dll
0x00007ffe7a1a0000 - 0x00007ffe7a1ab000 	D:\softwares\idea-community\jbr\bin\jimage.dll
0x00007ffe82330000 - 0x00007ffe82a15000 	C:\Windows\System32\SHELL32.dll
0x00007ffe82cc0000 - 0x00007ffe82d69000 	C:\Windows\System32\shcore.dll
0x00007ffe80790000 - 0x00007ffe80f0f000 	C:\Windows\System32\windows.storage.dll
0x00007ffe7ffd0000 - 0x00007ffe7ffef000 	C:\Windows\System32\profapi.dll
0x00007ffe7ff80000 - 0x00007ffe7ffca000 	C:\Windows\System32\powrprof.dll
0x00007ffe7ff30000 - 0x00007ffe7ff40000 	C:\Windows\System32\UMPDC.dll
0x00007ffe81110000 - 0x00007ffe81162000 	C:\Windows\System32\shlwapi.dll
0x00007ffe806c0000 - 0x00007ffe806d7000 	C:\Windows\System32\cryptsp.dll
0x00007ffe793e0000 - 0x00007ffe793fa000 	D:\softwares\idea-community\jbr\bin\net.dll
0x00007ffe771c0000 - 0x00007ffe772b0000 	C:\Windows\SYSTEM32\WINHTTP.dll
0x00007ffe7f7a0000 - 0x00007ffe7f807000 	C:\Windows\system32\mswsock.dll
0x00007ffe76f80000 - 0x00007ffe76f94000 	D:\softwares\idea-community\jbr\bin\nio.dll
0x00007ffe713b0000 - 0x00007ffe713ca000 	D:\softwares\idea-community\bin\breakgen64.dll
0x00007ffe6d140000 - 0x00007ffe6d2e1000 	D:\softwares\idea-community\jbr\bin\awt.dll
0x00007ffe82e20000 - 0x00007ffe82ee4000 	C:\Windows\System32\OLEAUT32.dll
0x00007ffe7e5e0000 - 0x00007ffe7e60d000 	C:\Windows\SYSTEM32\dwmapi.dll
0x00007ffe7cf00000 - 0x00007ffe7d4c0000 	C:\Windows\SYSTEM32\d2d1.dll
0x00007ffe7e200000 - 0x00007ffe7e28f000 	C:\Windows\SYSTEM32\apphelp.dll
0x00007ffe7e510000 - 0x00007ffe7e5a9000 	C:\Windows\system32\uxtheme.dll
0x00007ffe67450000 - 0x00007ffe675a6000 	C:\Windows\system32\opengl32.dll
0x00007ffe77190000 - 0x00007ffe771bc000 	C:\Windows\SYSTEM32\GLU32.dll
0x00007ffe7eba0000 - 0x00007ffe7ebc0000 	C:\Windows\SYSTEM32\dxcore.dll
0x00007ffe81890000 - 0x00007ffe819c5000 	C:\Windows\System32\MSCTF.dll
0x00007ffe81e70000 - 0x00007ffe81fc6000 	C:\Windows\System32\ole32.dll
0x00007ffe6f120000 - 0x00007ffe6f1a5000 	D:\softwares\idea-community\jbr\bin\freetype.dll
0x00007ffe69350000 - 0x00007ffe693f8000 	D:\softwares\idea-community\jbr\bin\fontmanager.dll
0x00007ffe6ddf0000 - 0x00007ffe6de8e000 	C:\Windows\System32\TextInputFramework.dll
0x00007ffe7ce20000 - 0x00007ffe7cef4000 	C:\Windows\System32\CoreMessaging.dll
0x00007ffe6da60000 - 0x00007ffe6dd8a000 	C:\Windows\System32\CoreUIComponents.dll
0x00007ffe7ef90000 - 0x00007ffe7efc1000 	C:\Windows\SYSTEM32\ntmarta.dll
0x00007ffe7c0f0000 - 0x00007ffe7c243000 	C:\Windows\SYSTEM32\wintypes.dll
0x00007ffe732a0000 - 0x00007ffe73546000 	C:\Windows\System32\iertutil.dll
0x00007ffe789c0000 - 0x00007ffe78a69000 	C:\Windows\WinSxS\amd64_microsoft.windows.common-controls_6595b64144ccf1df_5.82.18362.592_none_2a2c5e32466583af\comctl32.dll
0x00007ffe82d70000 - 0x00007ffe82e12000 	C:\Windows\System32\clbcatq.dll
0x00007ffe62c20000 - 0x00007ffe62c36000 	C:\Windows\system32\NetworkExplorer.dll
0x00007ffe7c890000 - 0x00007ffe7c97f000 	C:\Windows\system32\PROPSYS.dll
0x00007ffe7b8c0000 - 0x00007ffe7b8db000 	C:\Windows\SYSTEM32\MPR.dll
0x00007ffe6fd70000 - 0x00007ffe6fd7b000 	C:\Windows\System32\drprov.dll
0x00007ffe7f060000 - 0x00007ffe7f0bc000 	C:\Windows\System32\WINSTA.dll
0x00007ffe64d30000 - 0x00007ffe64d45000 	C:\Windows\System32\ntlanman.dll
0x00007ffe63ce0000 - 0x00007ffe63cfd000 	C:\Windows\System32\davclnt.dll
0x00007ffe6f2f0000 - 0x00007ffe6f2fc000 	C:\Windows\System32\DAVHLPR.dll
0x00007ffe78bf0000 - 0x00007ffe78c07000 	C:\Windows\System32\wkscli.dll
0x00007ffe801c0000 - 0x00007ffe801e6000 	C:\Windows\System32\bcrypt.dll
0x00007ffe6e2e0000 - 0x00007ffe6e2f2000 	C:\Windows\SYSTEM32\cscapi.dll
0x00007ffe7f5c0000 - 0x00007ffe7f5cc000 	C:\Windows\System32\netutils.dll
0x00007ffe5a8d0000 - 0x00007ffe5a923000 	C:\Windows\System32\dlnashext.dll
0x00007ffe5abe0000 - 0x00007ffe5ac44000 	C:\Windows\System32\PlayToDevice.dll
0x00007ffe7b8a0000 - 0x00007ffe7b8c0000 	C:\Windows\System32\DevDispItemProvider.dll
0x00007ffe7a9a0000 - 0x00007ffe7aa12000 	C:\Windows\System32\MMDevApi.dll
0x00007ffe7fd30000 - 0x00007ffe7fd5a000 	C:\Windows\System32\DEVOBJ.dll
0x00007ffe59b80000 - 0x00007ffe59c1b000 	C:\Windows\system32\wpdshext.dll
0x00007ffe72180000 - 0x00007ffe72323000 	C:\Windows\WinSxS\amd64_microsoft.windows.gdiplus_6595b64144ccf1df_1.1.18362.592_none_17aba4766da537d0\gdiplus.dll
0x00007ffe5f500000 - 0x00007ffe5f59e000 	C:\Windows\System32\PortableDeviceApi.dll
0x00007ffe813a0000 - 0x00007ffe81810000 	C:\Windows\System32\SETUPAPI.dll
0x00007ffe80730000 - 0x00007ffe8078c000 	C:\Windows\System32\WINTRUST.dll
0x00007ffe7ff60000 - 0x00007ffe7ff72000 	C:\Windows\System32\MSASN1.dll
0x00007ffe80fc0000 - 0x00007ffe81109000 	C:\Windows\System32\CRYPT32.dll
0x00007ffe66a20000 - 0x00007ffe66a57000 	C:\Windows\System32\EhStorShell.dll
0x00007ffe6edf0000 - 0x00007ffe6ee15000 	C:\Windows\System32\EhStorAPI.dll
0x00007ffe7c820000 - 0x00007ffe7c833000 	C:\Windows\System32\WTSAPI32.dll
0x00007ffe79e90000 - 0x00007ffe79e9d000 	C:\Windows\SYSTEM32\LINKINFO.dll
0x00007ffe69b00000 - 0x00007ffe69caf000 	C:\Windows\SYSTEM32\WindowsCodecs.dll
0x00007ffe6ddb0000 - 0x00007ffe6ddea000 	C:\Windows\system32\dataexchange.dll
0x00007ffe7db80000 - 0x00007ffe7dd5b000 	C:\Windows\system32\dcomp.dll
0x00007ffe7d4c0000 - 0x00007ffe7d71b000 	C:\Windows\system32\d3d11.dll
0x00007ffe7ec30000 - 0x00007ffe7ed1b000 	C:\Windows\system32\dxgi.dll
0x00007ffe7e290000 - 0x00007ffe7e4ea000 	C:\Windows\system32\twinapi.appcore.dll
0x00007ffe7e890000 - 0x00007ffe7e8b9000 	C:\Windows\system32\RMCLIENT.dll
0x00007ffe623d0000 - 0x00007ffe62423000 	D:\code_projects\image_stitching\image_stitch_app\src\me\lc\image_dll.dll
0x00007ffe417f0000 - 0x00007ffe41c43000 	D:\softwares\opencv343\build\x64\vc14\bin\opencv_calib3d343d.dll
0x00007ffe56c70000 - 0x00007ffe56e04000 	D:\softwares\opencv343\build\x64\vc14\bin\opencv_flann343d.dll
0x00007ffe318b0000 - 0x00007ffe32b8c000 	D:\softwares\opencv343\build\x64\vc14\bin\opencv_core343d.dll
0x00007ffe56700000 - 0x00007ffe5697c000 	D:\softwares\opencv343\build\x64\vc14\bin\opencv_features2d343d.dll
0x00007ffe411a0000 - 0x00007ffe417ec000 	D:\softwares\opencv343\build\x64\vc14\bin\opencv_imgcodecs343d.dll
0x00007ffe29c50000 - 0x00007ffe2d40f000 	D:\softwares\opencv343\build\x64\vc14\bin\opencv_imgproc343d.dll
0x00007ffe58490000 - 0x00007ffe58584000 	C:\Windows\SYSTEM32\MSVCP140D.dll
0x00007ffe6e5d0000 - 0x00007ffe6e5f6000 	C:\Windows\SYSTEM32\VCRUNTIME140D.dll
0x00007ffe76df0000 - 0x00007ffe76dff000 	C:\Windows\SYSTEM32\VCRUNTIME140_1D.dll
0x00007ffe40fd0000 - 0x00007ffe41193000 	C:\Windows\SYSTEM32\ucrtbased.dll
0x00007ffe582c0000 - 0x00007ffe58379000 	C:\Windows\SYSTEM32\CONCRT140D.dll
0x00007ffe40b40000 - 0x00007ffe40fce000 	D:\softwares\opencv343\build\x64\vc14\bin\opencv_xfeatures2d343d.dll

dbghelp: loaded successfully - version: 4.0.5 - missing functions: none
symbol engine: initialized successfully - sym options: 0x614 - pdb path: .;D:\softwares\idea-community\jbr\bin;C:\Windows\SYSTEM32;C:\Windows\WinSxS\amd64_microsoft.windows.common-controls_6595b64144ccf1df_6.0.18362.592_none_e6c0b1911312be02;D:\softwares\idea-community\jbr\bin\server;D:\softwares\idea-community\bin;C:\Windows\WinSxS\amd64_microsoft.windows.common-controls_6595b64144ccf1df_5.82.18362.592_none_2a2c5e32466583af;C:\Windows\WinSxS\amd64_microsoft.windows.gdiplus_6595b64144ccf1df_1.1.18362.592_none_17aba4766da537d0;D:\code_projects\image_stitching\image_stitch_app\src\me\lc;D:\softwares\opencv343\build\x64\vc14\bin

VM Arguments:
jvm_args: -javaagent:D:\softwares\idea-community\lib\idea_rt.jar=50637:D:\softwares\idea-community\bin -Dfile.encoding=UTF-8 
java_command: me.lc.App
java_class_path (initial): D:\code_projects\image_stitching\image_stitch_app\out\production\image_stitch_app
Launcher Type: SUN_STANDARD

[Global flags]
     intx CICompilerCount                          = 3                                         {product} {ergonomic}
     uint ConcGCThreads                            = 1                                         {product} {ergonomic}
     uint G1ConcRefinementThreads                  = 4                                         {product} {ergonomic}
   size_t G1HeapRegionSize                         = 1048576                                   {product} {ergonomic}
    uintx GCDrainStackTargetSize                   = 64                                        {product} {ergonomic}
   size_t InitialHeapSize                          = 134217728                                 {product} {ergonomic}
   size_t MarkStackSize                            = 4194304                                   {product} {ergonomic}
   size_t MaxHeapSize                              = 2126512128                                {product} {ergonomic}
   size_t MaxNewSize                               = 1275068416                                {product} {ergonomic}
   size_t MinHeapDeltaBytes                        = 1048576                                   {product} {ergonomic}
    uintx NonNMethodCodeHeapSize                   = 5830732                                {pd product} {ergonomic}
    uintx NonProfiledCodeHeapSize                  = 122913754                              {pd product} {ergonomic}
    uintx ProfiledCodeHeapSize                     = 122913754                              {pd product} {ergonomic}
    uintx ReservedCodeCacheSize                    = 251658240                              {pd product} {ergonomic}
     bool SegmentedCodeCache                       = true                                      {product} {ergonomic}
     bool UseCompressedClassPointers               = true                                 {lp64_product} {ergonomic}
     bool UseCompressedOops                        = true                                 {lp64_product} {ergonomic}
     bool UseG1GC                                  = true                                      {product} {ergonomic}
     bool UseLargePagesIndividualAllocation        = false                                  {pd product} {ergonomic}

Logging:
Log output configuration:
 #0: stdout all=warning uptime,level,tags
 #1: stderr all=off uptime,level,tags

Environment Variables:
JAVA_HOME=D:\softwares\jdk-11.0.2\bin
PATH=D:\softwares\python3\Scripts\;D:\softwares\python3\;C:\Windows\system32;C:\Windows;C:\Windows\System32\Wbem;C:\Windows\System32\WindowsPowerShell\v1.0\;C:\Windows\System32\OpenSSH\;D:\softwares\jdk-11.0.2\bin;D:\softwares\git\Git\cmd;D:\softwares\opencv343\build\x64\vc14\bin;C:\ProgramData\chocolatey\bin;C:\Users\32344\AppData\Local\Microsoft\WindowsApps;D:\softwares\texlive\2019\bin\win32;D:\softwares\cmake\bin
USERNAME=32344
OS=Windows_NT
PROCESSOR_IDENTIFIER=Intel64 Family 6 Model 61 Stepping 4, GenuineIntel



---------------  S Y S T E M  ---------------

OS: Windows 10 , 64 bit Build 18362 (10.0.18362.329)

CPU:total 4 (initial active 4) (2 cores per cpu, 2 threads per core) family 6 model 61 stepping 4, cmov, cx8, fxsr, mmx, sse, sse2, sse3, ssse3, sse4.1, sse4.2, popcnt, avx, avx2, aes, clmul, erms, 3dnowpref, lzcnt, ht, tsc, tscinvbit, bmi1, bmi2, adx, fma

Memory: 4k page, system-wide physical 8111M (3068M free)
TotalPageFile size 9391M (AvailPageFile size 1945M)
current process WorkingSet (physical memory assigned to process): 123M, peak: 243M
current process commit charge ("private bytes"): 244M, peak: 366M

vm_info: OpenJDK 64-Bit Server VM (11.0.5+10-b520.17) for windows-amd64 JRE (11.0.5+10-b520.17), built on Dec  2 2019 12:11:34 by "" with MS VC++ 14.0 (VS2015)

END.
