#
# A fatal error has been detected by the Java Runtime Environment:
#
#  EXCEPTION_UNCAUGHT_CXX_EXCEPTION (0xe06d7363) at pc=0x00007ffe8022a839, pid=2148, tid=9020
#
# JRE version: OpenJDK Runtime Environment (11.0.5+10) (build 11.0.5+10-b520.17)
# Java VM: OpenJDK 64-Bit Server VM (11.0.5+10-b520.17, mixed mode, tiered, compressed oops, g1 gc, windows-amd64)
# Problematic frame:
# C  [KERNELBASE.dll+0x3a839]
#
# No core dump will be written. Minidumps are not enabled by default on client versions of Windows
#
# If you would like to submit a bug report, please visit:
#   http://bugreport.java.com/bugreport/crash.jsp
# The crash happened outside the Java Virtual Machine in native code.
# See problematic frame for where to report the bug.
#

---------------  S U M M A R Y ------------

Command Line: -javaagent:D:\softwares\idea-community\lib\idea_rt.jar=50618:D:\softwares\idea-community\bin -Dfile.encoding=UTF-8 me.lc.App

Host: Intel(R) Core(TM) i5-5200U CPU @ 2.20GHz, 4 cores, 7G,  Windows 10 , 64 bit Build 18362 (10.0.18362.329)
Time: Sat Feb  1 19:03:27 2020 ?D1¨²¡À¨º¡Á?¨º¡À?? elapsed time: 49 seconds (0d 0h 0m 49s)

---------------  T H R E A D  ---------------

Current thread (0x000001cbe6628000):  JavaThread "AWT-EventQueue-0" [_thread_in_native, id=9020, stack(0x0000003eb9e00000,0x0000003eb9f00000)]

Stack: [0x0000003eb9e00000,0x0000003eb9f00000],  sp=0x0000003eb9ef7f50,  free space=991k
Native frames: (J=compiled Java code, j=interpreted, Vv=VM code, C=native code)
C  [KERNELBASE.dll+0x3a839]
C  [VCRUNTIME140D.dll+0x82b0]

Java frames: (J=compiled Java code, j=interpreted, Vv=VM code)
j  me.lc.Stitch.stitchPairImg(Ljava/lang/String;Ljava/lang/String;Ljava/lang/String;)Z+0
j  me.lc.App.stitchImgs([Ljava/io/File;)V+228
j  me.lc.App$1.actionPerformed(Ljava/awt/event/ActionEvent;)V+120
j  javax.swing.AbstractButton.fireActionPerformed(Ljava/awt/event/ActionEvent;)V+83 java.desktop@11.0.5
j  javax.swing.AbstractButton$Handler.actionPerformed(Ljava/awt/event/ActionEvent;)V+5 java.desktop@11.0.5
j  javax.swing.DefaultButtonModel.fireActionPerformed(Ljava/awt/event/ActionEvent;)V+34 java.desktop@11.0.5
j  javax.swing.DefaultButtonModel.setPressed(Z)V+117 java.desktop@11.0.5
j  javax.swing.plaf.basic.BasicButtonListener.mouseReleased(Ljava/awt/event/MouseEvent;)V+35 java.desktop@11.0.5
j  java.awt.Component.processMouseEvent(Ljava/awt/event/MouseEvent;)V+64 java.desktop@11.0.5
j  javax.swing.JComponent.processMouseEvent(Ljava/awt/event/MouseEvent;)V+23 java.desktop@11.0.5
j  java.awt.Component.processEvent(Ljava/awt/AWTEvent;)V+81 java.desktop@11.0.5
j  java.awt.Container.processEvent(Ljava/awt/AWTEvent;)V+18 java.desktop@11.0.5
j  java.awt.Component.dispatchEventImpl(Ljava/awt/AWTEvent;)V+496 java.desktop@11.0.5
j  java.awt.Container.dispatchEventImpl(Ljava/awt/AWTEvent;)V+42 java.desktop@11.0.5
j  java.awt.Component.dispatchEvent(Ljava/awt/AWTEvent;)V+2 java.desktop@11.0.5
j  java.awt.LightweightDispatcher.retargetMouseEvent(Ljava/awt/Component;ILjava/awt/event/MouseEvent;)V+349 java.desktop@11.0.5
j  java.awt.LightweightDispatcher.processMouseEvent(Ljava/awt/event/MouseEvent;)Z+155 java.desktop@11.0.5
j  java.awt.LightweightDispatcher.dispatchEvent(Ljava/awt/AWTEvent;)Z+50 java.desktop@11.0.5
j  java.awt.Container.dispatchEventImpl(Ljava/awt/AWTEvent;)V+12 java.desktop@11.0.5
j  java.awt.Window.dispatchEventImpl(Ljava/awt/AWTEvent;)V+19 java.desktop@11.0.5
j  java.awt.Component.dispatchEvent(Ljava/awt/AWTEvent;)V+2 java.desktop@11.0.5
j  java.awt.EventQueue.dispatchEventImpl(Ljava/awt/AWTEvent;Ljava/lang/Object;)V+41 java.desktop@11.0.5
j  java.awt.EventQueue$4.run()Ljava/lang/Void;+32 java.desktop@11.0.5
j  java.awt.EventQueue$4.run()Ljava/lang/Object;+1 java.desktop@11.0.5
v  ~StubRoutines::call_stub
j  java.security.AccessController.doPrivileged(Ljava/security/PrivilegedAction;Ljava/security/AccessControlContext;)Ljava/lang/Object;+0 java.base@11.0.5
j  java.security.ProtectionDomain$JavaSecurityAccessImpl.doIntersectionPrivilege(Ljava/security/PrivilegedAction;Ljava/security/AccessControlContext;Ljava/security/AccessControlContext;)Ljava/lang/Object;+18 java.base@11.0.5
j  java.security.ProtectionDomain$JavaSecurityAccessImpl.doIntersectionPrivilege(Ljava/security/PrivilegedAction;Ljava/security/AccessControlContext;)Ljava/lang/Object;+6 java.base@11.0.5
j  java.awt.EventQueue$5.run()Ljava/lang/Void;+11 java.desktop@11.0.5
j  java.awt.EventQueue$5.run()Ljava/lang/Object;+1 java.desktop@11.0.5
v  ~StubRoutines::call_stub
j  java.security.AccessController.doPrivileged(Ljava/security/PrivilegedAction;Ljava/security/AccessControlContext;)Ljava/lang/Object;+0 java.base@11.0.5
j  java.security.ProtectionDomain$JavaSecurityAccessImpl.doIntersectionPrivilege(Ljava/security/PrivilegedAction;Ljava/security/AccessControlContext;Ljava/security/AccessControlContext;)Ljava/lang/Object;+18 java.base@11.0.5
j  java.awt.EventQueue.dispatchEvent(Ljava/awt/AWTEvent;)V+73 java.desktop@11.0.5
j  java.awt.EventDispatchThread.pumpOneEventForFilters(I)V+78 java.desktop@11.0.5
j  java.awt.EventDispatchThread.pumpEventsForFilter(ILjava/awt/Conditional;Ljava/awt/EventFilter;)V+35 java.desktop@11.0.5
j  java.awt.EventDispatchThread.pumpEventsForHierarchy(ILjava/awt/Conditional;Ljava/awt/Component;)V+11 java.desktop@11.0.5
j  java.awt.EventDispatchThread.pumpEvents(ILjava/awt/Conditional;)V+4 java.desktop@11.0.5
j  java.awt.EventDispatchThread.pumpEvents(Ljava/awt/Conditional;)V+3 java.desktop@11.0.5
j  java.awt.EventDispatchThread.run()V+9 java.desktop@11.0.5
v  ~StubRoutines::call_stub

siginfo: EXCEPTION_UNCAUGHT_CXX_EXCEPTION (0xe06d7363), ExceptionInformation=0x0000000019930520 0x0000003eb9ef8108 0x00007ffe32ab06c8 0x00007ffe318b0000 


Register to memory mapping:

RIP=0x00007ffe8022a839 KERNELBASE.dll
RAX=0xfefefefefefefefe is an unknown value
RBX={method} {0x000001cbe5c91900} 'stitchPairImg' '(Ljava/lang/String;Ljava/lang/String;Ljava/lang/String;)Z' in 'me/lc/Stitch'
RCX=0xfefefefefefefefe is an unknown value
RDX=0xfefefefefefefefe is an unknown value
RSP=0x0000003eb9ef7f50 is pointing into the stack for thread: 0x000001cbe6628000
RBP=0x0000003eb9ef8520 is pointing into the stack for thread: 0x000001cbe6628000
RSI=0x0 is NULL
RDI=0x0000003eb9ef8190 is pointing into the stack for thread: 0x000001cbe6628000
R8 =0xfefefefefefefefe is an unknown value
R9 =0xfefefefefefefefe is an unknown value
R10=0xfefefefefefefefe is an unknown value
R11=0xfefefefefefefefe is an unknown value
R12=0x0 is NULL
R13={method} {0x000001cbe5c91900} 'stitchPairImg' '(Ljava/lang/String;Ljava/lang/String;Ljava/lang/String;)Z' in 'me/lc/Stitch'
R14=0x0000003eb9efaf30 is pointing into the stack for thread: 0x000001cbe6628000
R15=0x000001cbe6628000 is a thread


Registers:
RAX=0xfefefefefefefefe, RBX=0x000001cbe5c918f8, RCX=0xfefefefefefefefe, RDX=0xfefefefefefefefe
RSP=0x0000003eb9ef7f50, RBP=0x0000003eb9ef8520, RSI=0x0000000000000000, RDI=0x0000003eb9ef8190
R8 =0xfefefefefefefefe, R9 =0xfefefefefefefefe, R10=0xfefefefefefefefe, R11=0xfefefefefefefefe
R12=0x0000000000000000, R13=0x000001cbe5c918f8, R14=0x0000003eb9efaf30, R15=0x000001cbe6628000
RIP=0x00007ffe8022a839, EFLAGS=0x0000000000000202

Top of Stack: (sp=0x0000003eb9ef7f50)
0x0000003eb9ef7f50:   fefefefefefefefe 000001cbe5c918f8
0x0000003eb9ef7f60:   0000000000000000 fefefefefefefefe
0x0000003eb9ef7f70:   00000001e06d7363 0000000000000000
0x0000003eb9ef7f80:   00007ffe8022a839 fefefefe00000004
0x0000003eb9ef7f90:   0000000019930520 0000003eb9ef8108
0x0000003eb9ef7fa0:   00007ffe32ab06c8 00007ffe318b0000
0x0000003eb9ef7fb0:   000001cbe5c918f8 0000000000000000
0x0000003eb9ef7fc0:   0000000000000000 0000003eb9ef8520
0x0000003eb9ef7fd0:   0000003eb9ef8060 00007ffe8307f49f
0x0000003eb9ef7fe0:   0000003eb9ef8190 fefefefe00000000
0x0000003eb9ef7ff0:   fefefefefefefefe fefefefefefefefe
0x0000003eb9ef8000:   00007ffe32afa000 00007ffe318b0000
0x0000003eb9ef8010:   0000655e5cdf82fd fefefefefefefefe
0x0000003eb9ef8020:   000001cbe5c918f8 00007ffe6e5d82b0
0x0000003eb9ef8030:   fefefefefefefefe fefefefefefefefe
0x0000003eb9ef8040:   fefefefefefefefe 00007ffe32062a42 

Instructions: (pc=0x00007ffe8022a839)
0x00007ffe8022a739:   fe ff ff 4c 8d 05 ed 46 20 00 33 d2 8d 4a 02 e8
0x00007ffe8022a749:   b3 17 02 00 48 8b f8 48 89 44 24 58 e9 ef fd ff
0x00007ffe8022a759:   ff 45 33 c0 49 8b d7 48 83 c9 ff e8 37 f0 02 00
0x00007ffe8022a769:   e9 09 ff ff ff 48 8b 0d c3 0f 23 00 e8 06 f2 ff
0x00007ffe8022a779:   ff 48 8b cf e8 4e a2 fe ff e9 f9 fe ff ff 49 8b
0x00007ffe8022a789:   ce e8 41 a2 fe ff e9 f5 fe ff ff 48 8b ce e8 34
0x00007ffe8022a799:   a2 fe ff e9 f1 fe ff ff cc cc cc cc cc cc cc cc
0x00007ffe8022a7a9:   cc cc cc cc cc cc cc 65 48 8b 04 25 30 00 00 00
0x00007ffe8022a7b9:   8b 40 68 c3 cc cc cc cc cc cc cc cc cc cc cc cc
0x00007ffe8022a7c9:   cc cc cc cc cc cc cc 48 81 ec d8 00 00 00 48 8b
0x00007ffe8022a7d9:   05 52 e6 22 00 48 33 c4 48 89 84 24 c0 00 00 00
0x00007ffe8022a7e9:   48 83 64 24 28 00 48 8d 05 da ff ff ff 83 e2 01
0x00007ffe8022a7f9:   89 4c 24 20 89 54 24 24 48 89 44 24 30 4d 85 c9
0x00007ffe8022a809:   74 4b b8 0f 00 00 00 48 8d 4c 24 40 44 3b c0 49
0x00007ffe8022a819:   8b d1 44 0f 47 c0 44 89 44 24 38 49 c1 e0 03 e8
0x00007ffe8022a829:   aa 4c 05 00 48 8d 4c 24 20 48 ff 15 af bf 16 00
0x00007ffe8022a839:   0f 1f 44 00 00 48 8b 8c 24 c0 00 00 00 48 33 cc
0x00007ffe8022a849:   e8 c2 ee 04 00 48 81 c4 d8 00 00 00 c3 83 64 24
0x00007ffe8022a859:   38 00 eb d0 cc cc cc cc cc cc cc 48 89 5c 24 08
0x00007ffe8022a869:   48 89 74 24 10 57 48 83 ec 20 8b da 48 8b f9 e8
0x00007ffe8022a879:   f3 d6 ff ff 33 f6 85 c0 0f 84 e1 86 06 00 85 db
0x00007ffe8022a889:   0f 84 d9 86 06 00 44 8d 4e 02 ba 09 10 00 20 4c
0x00007ffe8022a899:   8d 44 24 40 48 8b cf e8 7b b5 ff ff 85 c0 0f 84
0x00007ffe8022a8a9:   bb 86 06 00 39 5c 24 40 0f 85 b1 86 06 00 0f b7
0x00007ffe8022a8b9:   c3 48 8b 5c 24 30 48 8b 74 24 38 48 83 c4 20 5f
0x00007ffe8022a8c9:   c3 cc cc cc cc cc cc 48 89 5c 24 08 48 89 74 24
0x00007ffe8022a8d9:   10 57 48 83 ec 40 48 8b c2 48 8b f1 48 8b c8 33
0x00007ffe8022a8e9:   d2 49 8b d9 41 8b f8 e8 5b 6c ff ff 48 8b d0 48
0x00007ffe8022a8f9:   85 db 0f 85 9b 86 06 00 48 8b 44 24 78 44 8b c7
0x00007ffe8022a909:   44 8b 4c 24 70 48 8b ce 48 89 44 24 38 8d 43 01
0x00007ffe8022a919:   89 44 24 30 89 44 24 28 89 44 24 20 e8 16 00 00
0x00007ffe8022a929:   00 48 8b 5c 24 50 48 8b 74 24 58 48 83 c4 40 5f 


Stack slot to memory mapping:
stack at sp + 0 slots: 0xfefefefefefefefe is an unknown value
stack at sp + 1 slots: {method} {0x000001cbe5c91900} 'stitchPairImg' '(Ljava/lang/String;Ljava/lang/String;Ljava/lang/String;)Z' in 'me/lc/Stitch'
stack at sp + 2 slots: 0x0 is NULL
stack at sp + 3 slots: 0xfefefefefefefefe is an unknown value
stack at sp + 4 slots: 0x00000001e06d7363 is an unknown value
stack at sp + 5 slots: 0x0 is NULL
stack at sp + 6 slots: 0x00007ffe8022a839 KERNELBASE.dll
stack at sp + 7 slots: 0xfefefefe00000004 is an unknown value


---------------  P R O C E S S  ---------------

Threads class SMR info:
_java_thread_list=0x000001cbe881ec30, length=17, elements={
0x000001cbe56c1800, 0x000001cbe56e6000, 0x000001cbe5fd6000, 0x000001cbe56ff000,
0x000001cbe5700000, 0x000001cbe571e800, 0x000001cbe6027800, 0x000001cbe5679800,
0x000001cbe6243000, 0x000001cbe6244000, 0x000001cbe64dd800, 0x000001cbe64de800,
0x000001cbe652e800, 0x000001cbe6628000, 0x000001cbc9826000, 0x000001cbe8006800,
0x000001cbe883b000
}

Java Threads: ( => current thread )
  0x000001cbe56c1800 JavaThread "Reference Handler" daemon [_thread_blocked, id=13156, stack(0x0000003eb8e00000,0x0000003eb8f00000)]
  0x000001cbe56e6000 JavaThread "Finalizer" daemon [_thread_blocked, id=4632, stack(0x0000003eb8f00000,0x0000003eb9000000)]
  0x000001cbe5fd6000 JavaThread "Signal Dispatcher" daemon [_thread_blocked, id=13956, stack(0x0000003eb9000000,0x0000003eb9100000)]
  0x000001cbe56ff000 JavaThread "Attach Listener" daemon [_thread_blocked, id=8560, stack(0x0000003eb9100000,0x0000003eb9200000)]
  0x000001cbe5700000 JavaThread "C2 CompilerThread0" daemon [_thread_blocked, id=6500, stack(0x0000003eb9200000,0x0000003eb9300000)]
  0x000001cbe571e800 JavaThread "C1 CompilerThread0" daemon [_thread_blocked, id=9092, stack(0x0000003eb9300000,0x0000003eb9400000)]
  0x000001cbe6027800 JavaThread "Sweeper thread" daemon [_thread_blocked, id=3912, stack(0x0000003eb9400000,0x0000003eb9500000)]
  0x000001cbe5679800 JavaThread "Common-Cleaner" daemon [_thread_blocked, id=3672, stack(0x0000003eb9500000,0x0000003eb9600000)]
  0x000001cbe6243000 JavaThread "Monitor Ctrl-Break" daemon [_thread_in_native, id=8616, stack(0x0000003eb9700000,0x0000003eb9800000)]
  0x000001cbe6244000 JavaThread "Service Thread" daemon [_thread_blocked, id=11948, stack(0x0000003eb9800000,0x0000003eb9900000)]
  0x000001cbe64dd800 JavaThread "Java2D Disposer" daemon [_thread_blocked, id=484, stack(0x0000003eb9a00000,0x0000003eb9b00000)]
  0x000001cbe64de800 JavaThread "AWT-Shutdown" [_thread_blocked, id=11168, stack(0x0000003eb9b00000,0x0000003eb9c00000)]
  0x000001cbe652e800 JavaThread "AWT-Windows" daemon [_thread_in_native, id=10832, stack(0x0000003eb9c00000,0x0000003eb9d00000)]
=>0x000001cbe6628000 JavaThread "AWT-EventQueue-0" [_thread_in_native, id=9020, stack(0x0000003eb9e00000,0x0000003eb9f00000)]
  0x000001cbc9826000 JavaThread "DestroyJavaVM" [_thread_blocked, id=6616, stack(0x0000003eb8700000,0x0000003eb8800000)]
  0x000001cbe8006800 JavaThread "Swing-Shell" daemon [_thread_blocked, id=11028, stack(0x0000003eb9f00000,0x0000003eba000000)]
  0x000001cbe883b000 JavaThread "TimerQueue" daemon [_thread_blocked, id=3692, stack(0x0000003eba500000,0x0000003eba600000)]

Other Threads:
  0x000001cbe56c0000 VMThread "VM Thread" [stack: 0x0000003eb8d00000,0x0000003eb8e00000] [id=14028]
  0x000001cbe6384800 WatcherThread [stack: 0x0000003eb9900000,0x0000003eb9a00000] [id=2168]
  0x000001cbc9842000 GCTaskThread "GC Thread#0" [stack: 0x0000003eb8800000,0x0000003eb8900000] [id=13632]
  0x000001cbe6641000 GCTaskThread "GC Thread#1" [stack: 0x0000003eb9d00000,0x0000003eb9e00000] [id=11600]
  0x000001cbe67f1000 GCTaskThread "GC Thread#2" [stack: 0x0000003eba600000,0x0000003eba700000] [id=6888]
  0x000001cbe67f1800 GCTaskThread "GC Thread#3" [stack: 0x0000003eba700000,0x0000003eba800000] [id=1580]
  0x000001cbc9870800 ConcurrentGCThread "G1 Main Marker" [stack: 0x0000003eb8900000,0x0000003eb8a00000] [id=10720]
  0x000001cbc9873800 ConcurrentGCThread "G1 Conc#0" [stack: 0x0000003eb8a00000,0x0000003eb8b00000] [id=14200]
  0x000001cbe5531800 ConcurrentGCThread "G1 Refine#0" [stack: 0x0000003eb8b00000,0x0000003eb8c00000] [id=11728]
  0x000001cbe62c7800 ConcurrentGCThread "G1 Refine#1" [stack: 0x0000003eba800000,0x0000003eba900000] [id=8396]
  0x000001cbc98f7000 ConcurrentGCThread "G1 Young RemSet Sampling" [stack: 0x0000003eb8c00000,0x0000003eb8d00000] [id=1408]

Threads with active compile tasks:

VM state:not at safepoint (normal execution)

VM Mutex/Monitor currently owned by a thread: None

Heap address: 0x0000000081400000, size: 2028 MB, Compressed Oops mode: 32-bit
Narrow klass base: 0x0000000000000000, Narrow klass shift: 3
Compressed class space size: 1073741824 Address: 0x0000000100000000

Heap:
 garbage-first heap   total 131072K, used 9796K [0x0000000081400000, 0x0000000100000000)
  region size 1024K, 6 young (6144K), 2 survivors (2048K)
 Metaspace       used 19611K, capacity 20147K, committed 20352K, reserved 1067008K
  class space    used 2203K, capacity 2421K, committed 2432K, reserved 1048576K
Heap Regions: E=young(eden), S=young(survivor), O=old, HS=humongous(starts), HC=humongous(continues), CS=collection set, F=free, A=archive, TAMS=top-at-mark-start (previous, next)
|   0|0x0000000081400000, 0x0000000081500000, 0x0000000081500000|100%|HS|  |TAMS 0x0000000081400000, 0x0000000081400000| Complete 
|   1|0x0000000081500000, 0x0000000081600000, 0x0000000081600000|100%|HC|  |TAMS 0x0000000081500000, 0x0000000081500000| Complete 
|   2|0x0000000081600000, 0x0000000081700000, 0x0000000081700000|100%|HC|  |TAMS 0x0000000081600000, 0x0000000081600000| Complete 
|   3|0x0000000081700000, 0x0000000081700000, 0x0000000081800000|  0%| F|  |TAMS 0x0000000081700000, 0x0000000081700000| Untracked 
|   4|0x0000000081800000, 0x0000000081900000, 0x0000000081900000|100%| O|  |TAMS 0x0000000081800000, 0x0000000081800000| Untracked 
|   5|0x0000000081900000, 0x0000000081991000, 0x0000000081a00000| 56%| O|  |TAMS 0x0000000081900000, 0x0000000081900000| Untracked 
|   6|0x0000000081a00000, 0x0000000081a00000, 0x0000000081b00000|  0%| F|  |TAMS 0x0000000081a00000, 0x0000000081a00000| Untracked 
|   7|0x0000000081b00000, 0x0000000081b00000, 0x0000000081c00000|  0%| F|  |TAMS 0x0000000081b00000, 0x0000000081b00000| Untracked 
|   8|0x0000000081c00000, 0x0000000081c00000, 0x0000000081d00000|  0%| F|  |TAMS 0x0000000081c00000, 0x0000000081c00000| Untracked 
|   9|0x0000000081d00000, 0x0000000081d00000, 0x0000000081e00000|  0%| F|  |TAMS 0x0000000081d00000, 0x0000000081d00000| Untracked 
|  10|0x0000000081e00000, 0x0000000081e00000, 0x0000000081f00000|  0%| F|  |TAMS 0x0000000081e00000, 0x0000000081e00000| Untracked 
|  11|0x0000000081f00000, 0x0000000081f00000, 0x0000000082000000|  0%| F|  |TAMS 0x0000000081f00000, 0x0000000081f00000| Untracked 
|  12|0x0000000082000000, 0x0000000082000000, 0x0000000082100000|  0%| F|  |TAMS 0x0000000082000000, 0x0000000082000000| Untracked 
|  13|0x0000000082100000, 0x0000000082100000, 0x0000000082200000|  0%| F|  |TAMS 0x0000000082100000, 0x0000000082100000| Untracked 
|  14|0x0000000082200000, 0x0000000082200000, 0x0000000082300000|  0%| F|  |TAMS 0x0000000082200000, 0x0000000082200000| Untracked 
|  15|0x0000000082300000, 0x0000000082300000, 0x0000000082400000|  0%| F|  |TAMS 0x0000000082300000, 0x0000000082300000| Untracked 
|  16|0x0000000082400000, 0x0000000082400000, 0x0000000082500000|  0%| F|  |TAMS 0x0000000082400000, 0x0000000082400000| Untracked 
|  17|0x0000000082500000, 0x0000000082500000, 0x0000000082600000|  0%| F|  |TAMS 0x0000000082500000, 0x0000000082500000| Untracked 
|  18|0x0000000082600000, 0x0000000082600000, 0x0000000082700000|  0%| F|  |TAMS 0x0000000082600000, 0x0000000082600000| Untracked 
|  19|0x0000000082700000, 0x0000000082700000, 0x0000000082800000|  0%| F|  |TAMS 0x0000000082700000, 0x0000000082700000| Untracked 
|  20|0x0000000082800000, 0x0000000082800000, 0x0000000082900000|  0%| F|  |TAMS 0x0000000082800000, 0x0000000082800000| Untracked 
|  21|0x0000000082900000, 0x0000000082900000, 0x0000000082a00000|  0%| F|  |TAMS 0x0000000082900000, 0x0000000082900000| Untracked 
|  22|0x0000000082a00000, 0x0000000082a00000, 0x0000000082b00000|  0%| F|  |TAMS 0x0000000082a00000, 0x0000000082a00000| Untracked 
|  23|0x0000000082b00000, 0x0000000082b00000, 0x0000000082c00000|  0%| F|  |TAMS 0x0000000082b00000, 0x0000000082b00000| Untracked 
|  24|0x0000000082c00000, 0x0000000082c00000, 0x0000000082d00000|  0%| F|  |TAMS 0x0000000082c00000, 0x0000000082c00000| Untracked 
|  25|0x0000000082d00000, 0x0000000082d00000, 0x0000000082e00000|  0%| F|  |TAMS 0x0000000082d00000, 0x0000000082d00000| Untracked 
|  26|0x0000000082e00000, 0x0000000082e00000, 0x0000000082f00000|  0%| F|  |TAMS 0x0000000082e00000, 0x0000000082e00000| Untracked 
|  27|0x0000000082f00000, 0x0000000082f00000, 0x0000000083000000|  0%| F|  |TAMS 0x0000000082f00000, 0x0000000082f00000| Untracked 
|  28|0x0000000083000000, 0x0000000083000000, 0x0000000083100000|  0%| F|  |TAMS 0x0000000083000000, 0x0000000083000000| Untracked 
|  29|0x0000000083100000, 0x0000000083100000, 0x0000000083200000|  0%| F|  |TAMS 0x0000000083100000, 0x0000000083100000| Untracked 
|  30|0x0000000083200000, 0x0000000083200000, 0x0000000083300000|  0%| F|  |TAMS 0x0000000083200000, 0x0000000083200000| Untracked 
|  31|0x0000000083300000, 0x0000000083300000, 0x0000000083400000|  0%| F|  |TAMS 0x0000000083300000, 0x0000000083300000| Untracked 
|  32|0x0000000083400000, 0x0000000083400000, 0x0000000083500000|  0%| F|  |TAMS 0x0000000083400000, 0x0000000083400000| Untracked 
|  33|0x0000000083500000, 0x0000000083500000, 0x0000000083600000|  0%| F|  |TAMS 0x0000000083500000, 0x0000000083500000| Untracked 
|  34|0x0000000083600000, 0x0000000083600000, 0x0000000083700000|  0%| F|  |TAMS 0x0000000083600000, 0x0000000083600000| Untracked 
|  35|0x0000000083700000, 0x0000000083700000, 0x0000000083800000|  0%| F|  |TAMS 0x0000000083700000, 0x0000000083700000| Untracked 
|  36|0x0000000083800000, 0x0000000083800000, 0x0000000083900000|  0%| F|  |TAMS 0x0000000083800000, 0x0000000083800000| Untracked 
|  37|0x0000000083900000, 0x0000000083900000, 0x0000000083a00000|  0%| F|  |TAMS 0x0000000083900000, 0x0000000083900000| Untracked 
|  38|0x0000000083a00000, 0x0000000083a00000, 0x0000000083b00000|  0%| F|  |TAMS 0x0000000083a00000, 0x0000000083a00000| Untracked 
|  39|0x0000000083b00000, 0x0000000083b00000, 0x0000000083c00000|  0%| F|  |TAMS 0x0000000083b00000, 0x0000000083b00000| Untracked 
|  40|0x0000000083c00000, 0x0000000083c00000, 0x0000000083d00000|  0%| F|  |TAMS 0x0000000083c00000, 0x0000000083c00000| Untracked 
|  41|0x0000000083d00000, 0x0000000083d00000, 0x0000000083e00000|  0%| F|  |TAMS 0x0000000083d00000, 0x0000000083d00000| Untracked 
|  42|0x0000000083e00000, 0x0000000083e00000, 0x0000000083f00000|  0%| F|  |TAMS 0x0000000083e00000, 0x0000000083e00000| Untracked 
|  43|0x0000000083f00000, 0x0000000083f00000, 0x0000000084000000|  0%| F|  |TAMS 0x0000000083f00000, 0x0000000083f00000| Untracked 
|  44|0x0000000084000000, 0x0000000084000000, 0x0000000084100000|  0%| F|  |TAMS 0x0000000084000000, 0x0000000084000000| Untracked 
|  45|0x0000000084100000, 0x0000000084100000, 0x0000000084200000|  0%| F|  |TAMS 0x0000000084100000, 0x0000000084100000| Untracked 
|  46|0x0000000084200000, 0x0000000084200000, 0x0000000084300000|  0%| F|  |TAMS 0x0000000084200000, 0x0000000084200000| Untracked 
|  47|0x0000000084300000, 0x0000000084300000, 0x0000000084400000|  0%| F|  |TAMS 0x0000000084300000, 0x0000000084300000| Untracked 
|  48|0x0000000084400000, 0x0000000084400000, 0x0000000084500000|  0%| F|  |TAMS 0x0000000084400000, 0x0000000084400000| Untracked 
|  49|0x0000000084500000, 0x0000000084500000, 0x0000000084600000|  0%| F|  |TAMS 0x0000000084500000, 0x0000000084500000| Untracked 
|  50|0x0000000084600000, 0x0000000084600000, 0x0000000084700000|  0%| F|  |TAMS 0x0000000084600000, 0x0000000084600000| Untracked 
|  51|0x0000000084700000, 0x0000000084700000, 0x0000000084800000|  0%| F|  |TAMS 0x0000000084700000, 0x0000000084700000| Untracked 
|  52|0x0000000084800000, 0x0000000084800000, 0x0000000084900000|  0%| F|  |TAMS 0x0000000084800000, 0x0000000084800000| Untracked 
|  53|0x0000000084900000, 0x0000000084900000, 0x0000000084a00000|  0%| F|  |TAMS 0x0000000084900000, 0x0000000084900000| Untracked 
|  54|0x0000000084a00000, 0x0000000084a00000, 0x0000000084b00000|  0%| F|  |TAMS 0x0000000084a00000, 0x0000000084a00000| Untracked 
|  55|0x0000000084b00000, 0x0000000084b00000, 0x0000000084c00000|  0%| F|  |TAMS 0x0000000084b00000, 0x0000000084b00000| Untracked 
|  56|0x0000000084c00000, 0x0000000084c00000, 0x0000000084d00000|  0%| F|  |TAMS 0x0000000084c00000, 0x0000000084c00000| Untracked 
|  57|0x0000000084d00000, 0x0000000084d00000, 0x0000000084e00000|  0%| F|  |TAMS 0x0000000084d00000, 0x0000000084d00000| Untracked 
|  58|0x0000000084e00000, 0x0000000084e00000, 0x0000000084f00000|  0%| F|  |TAMS 0x0000000084e00000, 0x0000000084e00000| Untracked 
|  59|0x0000000084f00000, 0x0000000084f00000, 0x0000000085000000|  0%| F|  |TAMS 0x0000000084f00000, 0x0000000084f00000| Untracked 
|  60|0x0000000085000000, 0x0000000085000000, 0x0000000085100000|  0%| F|  |TAMS 0x0000000085000000, 0x0000000085000000| Untracked 
|  61|0x0000000085100000, 0x0000000085100000, 0x0000000085200000|  0%| F|  |TAMS 0x0000000085100000, 0x0000000085100000| Untracked 
|  62|0x0000000085200000, 0x0000000085200000, 0x0000000085300000|  0%| F|  |TAMS 0x0000000085200000, 0x0000000085200000| Untracked 
|  63|0x0000000085300000, 0x0000000085300000, 0x0000000085400000|  0%| F|  |TAMS 0x0000000085300000, 0x0000000085300000| Untracked 
|  64|0x0000000085400000, 0x0000000085400000, 0x0000000085500000|  0%| F|  |TAMS 0x0000000085400000, 0x0000000085400000| Untracked 
|  65|0x0000000085500000, 0x0000000085500000, 0x0000000085600000|  0%| F|  |TAMS 0x0000000085500000, 0x0000000085500000| Untracked 
|  66|0x0000000085600000, 0x0000000085600000, 0x0000000085700000|  0%| F|  |TAMS 0x0000000085600000, 0x0000000085600000| Untracked 
|  67|0x0000000085700000, 0x0000000085700000, 0x0000000085800000|  0%| F|  |TAMS 0x0000000085700000, 0x0000000085700000| Untracked 
|  68|0x0000000085800000, 0x0000000085800000, 0x0000000085900000|  0%| F|  |TAMS 0x0000000085800000, 0x0000000085800000| Untracked 
|  69|0x0000000085900000, 0x0000000085900000, 0x0000000085a00000|  0%| F|  |TAMS 0x0000000085900000, 0x0000000085900000| Untracked 
|  70|0x0000000085a00000, 0x0000000085a00000, 0x0000000085b00000|  0%| F|  |TAMS 0x0000000085a00000, 0x0000000085a00000| Untracked 
|  71|0x0000000085b00000, 0x0000000085b00000, 0x0000000085c00000|  0%| F|  |TAMS 0x0000000085b00000, 0x0000000085b00000| Untracked 
|  72|0x0000000085c00000, 0x0000000085c00000, 0x0000000085d00000|  0%| F|  |TAMS 0x0000000085c00000, 0x0000000085c00000| Untracked 
|  73|0x0000000085d00000, 0x0000000085d00000, 0x0000000085e00000|  0%| F|  |TAMS 0x0000000085d00000, 0x0000000085d00000| Untracked 
|  74|0x0000000085e00000, 0x0000000085e00000, 0x0000000085f00000|  0%| F|  |TAMS 0x0000000085e00000, 0x0000000085e00000| Untracked 
|  75|0x0000000085f00000, 0x0000000085f00000, 0x0000000086000000|  0%| F|  |TAMS 0x0000000085f00000, 0x0000000085f00000| Untracked 
|  76|0x0000000086000000, 0x0000000086000000, 0x0000000086100000|  0%| F|  |TAMS 0x0000000086000000, 0x0000000086000000| Untracked 
|  77|0x0000000086100000, 0x0000000086100000, 0x0000000086200000|  0%| F|  |TAMS 0x0000000086100000, 0x0000000086100000| Untracked 
|  78|0x0000000086200000, 0x0000000086200000, 0x0000000086300000|  0%| F|  |TAMS 0x0000000086200000, 0x0000000086200000| Untracked 
|  79|0x0000000086300000, 0x0000000086300000, 0x0000000086400000|  0%| F|  |TAMS 0x0000000086300000, 0x0000000086300000| Untracked 
|  80|0x0000000086400000, 0x0000000086400000, 0x0000000086500000|  0%| F|  |TAMS 0x0000000086400000, 0x0000000086400000| Untracked 
|  81|0x0000000086500000, 0x0000000086500000, 0x0000000086600000|  0%| F|  |TAMS 0x0000000086500000, 0x0000000086500000| Untracked 
|  82|0x0000000086600000, 0x0000000086600000, 0x0000000086700000|  0%| F|  |TAMS 0x0000000086600000, 0x0000000086600000| Untracked 
|  83|0x0000000086700000, 0x0000000086700000, 0x0000000086800000|  0%| F|  |TAMS 0x0000000086700000, 0x0000000086700000| Untracked 
|  84|0x0000000086800000, 0x0000000086800000, 0x0000000086900000|  0%| F|  |TAMS 0x0000000086800000, 0x0000000086800000| Untracked 
|  85|0x0000000086900000, 0x0000000086900000, 0x0000000086a00000|  0%| F|  |TAMS 0x0000000086900000, 0x0000000086900000| Untracked 
|  86|0x0000000086a00000, 0x0000000086a00000, 0x0000000086b00000|  0%| F|  |TAMS 0x0000000086a00000, 0x0000000086a00000| Untracked 
|  87|0x0000000086b00000, 0x0000000086b00000, 0x0000000086c00000|  0%| F|  |TAMS 0x0000000086b00000, 0x0000000086b00000| Untracked 
|  88|0x0000000086c00000, 0x0000000086c00000, 0x0000000086d00000|  0%| F|  |TAMS 0x0000000086c00000, 0x0000000086c00000| Untracked 
|  89|0x0000000086d00000, 0x0000000086d00000, 0x0000000086e00000|  0%| F|  |TAMS 0x0000000086d00000, 0x0000000086d00000| Untracked 
|  90|0x0000000086e00000, 0x0000000086e00000, 0x0000000086f00000|  0%| F|  |TAMS 0x0000000086e00000, 0x0000000086e00000| Untracked 
|  91|0x0000000086f00000, 0x0000000086f00000, 0x0000000087000000|  0%| F|  |TAMS 0x0000000086f00000, 0x0000000086f00000| Untracked 
|  92|0x0000000087000000, 0x0000000087000000, 0x0000000087100000|  0%| F|  |TAMS 0x0000000087000000, 0x0000000087000000| Untracked 
|  93|0x0000000087100000, 0x0000000087100000, 0x0000000087200000|  0%| F|  |TAMS 0x0000000087100000, 0x0000000087100000| Untracked 
|  94|0x0000000087200000, 0x0000000087200000, 0x0000000087300000|  0%| F|  |TAMS 0x0000000087200000, 0x0000000087200000| Untracked 
|  95|0x0000000087300000, 0x0000000087300000, 0x0000000087400000|  0%| F|  |TAMS 0x0000000087300000, 0x0000000087300000| Untracked 
|  96|0x0000000087400000, 0x0000000087400000, 0x0000000087500000|  0%| F|  |TAMS 0x0000000087400000, 0x0000000087400000| Untracked 
|  97|0x0000000087500000, 0x0000000087500000, 0x0000000087600000|  0%| F|  |TAMS 0x0000000087500000, 0x0000000087500000| Untracked 
|  98|0x0000000087600000, 0x0000000087600000, 0x0000000087700000|  0%| F|  |TAMS 0x0000000087600000, 0x0000000087600000| Untracked 
|  99|0x0000000087700000, 0x0000000087700000, 0x0000000087800000|  0%| F|  |TAMS 0x0000000087700000, 0x0000000087700000| Untracked 
| 100|0x0000000087800000, 0x0000000087800000, 0x0000000087900000|  0%| F|  |TAMS 0x0000000087800000, 0x0000000087800000| Untracked 
| 101|0x0000000087900000, 0x0000000087900000, 0x0000000087a00000|  0%| F|  |TAMS 0x0000000087900000, 0x0000000087900000| Untracked 
| 102|0x0000000087a00000, 0x0000000087a00000, 0x0000000087b00000|  0%| F|  |TAMS 0x0000000087a00000, 0x0000000087a00000| Untracked 
| 103|0x0000000087b00000, 0x0000000087b00000, 0x0000000087c00000|  0%| F|  |TAMS 0x0000000087b00000, 0x0000000087b00000| Untracked 
| 104|0x0000000087c00000, 0x0000000087c00000, 0x0000000087d00000|  0%| F|  |TAMS 0x0000000087c00000, 0x0000000087c00000| Untracked 
| 105|0x0000000087d00000, 0x0000000087d00000, 0x0000000087e00000|  0%| F|  |TAMS 0x0000000087d00000, 0x0000000087d00000| Untracked 
| 106|0x0000000087e00000, 0x0000000087e00000, 0x0000000087f00000|  0%| F|  |TAMS 0x0000000087e00000, 0x0000000087e00000| Untracked 
| 107|0x0000000087f00000, 0x0000000087f00000, 0x0000000088000000|  0%| F|  |TAMS 0x0000000087f00000, 0x0000000087f00000| Untracked 
| 108|0x0000000088000000, 0x0000000088000000, 0x0000000088100000|  0%| F|  |TAMS 0x0000000088000000, 0x0000000088000000| Untracked 
| 109|0x0000000088100000, 0x0000000088100000, 0x0000000088200000|  0%| F|  |TAMS 0x0000000088100000, 0x0000000088100000| Untracked 
| 110|0x0000000088200000, 0x0000000088200000, 0x0000000088300000|  0%| F|  |TAMS 0x0000000088200000, 0x0000000088200000| Untracked 
| 111|0x0000000088300000, 0x0000000088300000, 0x0000000088400000|  0%| F|  |TAMS 0x0000000088300000, 0x0000000088300000| Untracked 
| 112|0x0000000088400000, 0x0000000088500000, 0x0000000088500000|100%| S|CS|TAMS 0x0000000088400000, 0x0000000088400000| Complete 
| 113|0x0000000088500000, 0x0000000088600000, 0x0000000088600000|100%| S|CS|TAMS 0x0000000088500000, 0x0000000088500000| Complete 
| 114|0x0000000088600000, 0x0000000088600000, 0x0000000088700000|  0%| F|  |TAMS 0x0000000088600000, 0x0000000088600000| Untracked 
| 115|0x0000000088700000, 0x0000000088700000, 0x0000000088800000|  0%| F|  |TAMS 0x0000000088700000, 0x0000000088700000| Untracked 
| 116|0x0000000088800000, 0x0000000088800000, 0x0000000088900000|  0%| F|  |TAMS 0x0000000088800000, 0x0000000088800000| Untracked 
| 117|0x0000000088900000, 0x0000000088900000, 0x0000000088a00000|  0%| F|  |TAMS 0x0000000088900000, 0x0000000088900000| Untracked 
| 118|0x0000000088a00000, 0x0000000088a00000, 0x0000000088b00000|  0%| F|  |TAMS 0x0000000088a00000, 0x0000000088a00000| Untracked 
| 119|0x0000000088b00000, 0x0000000088b00000, 0x0000000088c00000|  0%| F|  |TAMS 0x0000000088b00000, 0x0000000088b00000| Untracked 
| 120|0x0000000088c00000, 0x0000000088c00000, 0x0000000088d00000|  0%| F|  |TAMS 0x0000000088c00000, 0x0000000088c00000| Untracked 
| 121|0x0000000088d00000, 0x0000000088d00000, 0x0000000088e00000|  0%| F|  |TAMS 0x0000000088d00000, 0x0000000088d00000| Untracked 
| 122|0x0000000088e00000, 0x0000000088e00000, 0x0000000088f00000|  0%| F|  |TAMS 0x0000000088e00000, 0x0000000088e00000| Untracked 
| 123|0x0000000088f00000, 0x0000000088f00000, 0x0000000089000000|  0%| F|  |TAMS 0x0000000088f00000, 0x0000000088f00000| Untracked 
| 124|0x0000000089000000, 0x0000000089080800, 0x0000000089100000| 50%| E|  |TAMS 0x0000000089000000, 0x0000000089000000| Complete 
| 125|0x0000000089100000, 0x0000000089200000, 0x0000000089200000|100%| E|CS|TAMS 0x0000000089100000, 0x0000000089100000| Complete 
| 126|0x0000000089200000, 0x0000000089300000, 0x0000000089300000|100%| E|CS|TAMS 0x0000000089200000, 0x0000000089200000| Complete 
| 127|0x0000000089300000, 0x0000000089400000, 0x0000000089400000|100%| E|CS|TAMS 0x0000000089300000, 0x0000000089300000| Complete 

Card table byte_map: [0x000001cbde930000,0x000001cbded30000] _byte_map_base: 0x000001cbde526000

Marking Bits (Prev, Next): (CMBitMap*) 0x000001cbc9867b08, (CMBitMap*) 0x000001cbc9867b40
 Prev Bits: [0x000001cbdf130000, 0x000001cbe10e0000)
 Next Bits: [0x000001cbe10e0000, 0x000001cbe3090000)

Polling page: 0x000001cbc9900000

Metaspace:

Usage:
  Non-class:     17.31 MB capacity,    17.00 MB ( 98%) used,   264.23 KB (  1%) free+waste,    54.31 KB ( <1%) overhead. 
      Class:      2.36 MB capacity,     2.15 MB ( 91%) used,   189.08 KB (  8%) free+waste,    28.19 KB (  1%) overhead. 
       Both:     19.67 MB capacity,    19.15 MB ( 97%) used,   453.31 KB (  2%) free+waste,    82.50 KB ( <1%) overhead. 

Virtual space:
  Non-class space:       18.00 MB reserved,      17.50 MB ( 97%) committed 
      Class space:        1.00 GB reserved,       2.38 MB ( <1%) committed 
             Both:        1.02 GB reserved,      19.88 MB (  2%) committed 

Chunk freelists:
   Non-Class:  2.00 KB
       Class:  0 bytes
        Both:  2.00 KB

MaxMetaspaceSize: 17179869184.00 GB
CompressedClassSpaceSize: 1.00 GB

CodeHeap 'non-profiled nmethods': size=120064Kb used=610Kb max_used=610Kb free=119454Kb
 bounds [0x000001cbd69d0000, 0x000001cbd6c40000, 0x000001cbddf10000]
CodeHeap 'profiled nmethods': size=120000Kb used=3513Kb max_used=3513Kb free=116486Kb
 bounds [0x000001cbcf4a0000, 0x000001cbcf810000, 0x000001cbd69d0000]
CodeHeap 'non-nmethods': size=5696Kb used=1233Kb max_used=1265Kb free=4462Kb
 bounds [0x000001cbcef10000, 0x000001cbcf180000, 0x000001cbcf4a0000]
 total_blobs=2899 nmethods=1738 adapters=527
 compilation: enabled
              stopped_count=0, restarted_count=0
 full_count=0

Compilation events (20 events):
Event: 48.921 Thread 0x000001cbe571e800 nmethod 1722 0x000001cbcf80b210 code [0x000001cbcf80b3e0, 0x000001cbcf80b610]
Event: 48.922 Thread 0x000001cbe571e800 1726       3       java.lang.invoke.LambdaForm$NamedFunction::<init> (82 bytes)
Event: 48.922 Thread 0x000001cbe571e800 nmethod 1726 0x000001cbcf80b710 code [0x000001cbcf80b8e0, 0x000001cbcf80bbb8]
Event: 48.926 Thread 0x000001cbe571e800 1732       3       jdk.internal.org.objectweb.asm.ClassWriter::visitSource (36 bytes)
Event: 48.926 Thread 0x000001cbe571e800 nmethod 1732 0x000001cbcf80bc90 code [0x000001cbcf80be80, 0x000001cbcf80c380]
Event: 48.926 Thread 0x000001cbe571e800 1733       1       java.lang.invoke.ClassSpecializer::topClass (5 bytes)
Event: 48.927 Thread 0x000001cbe571e800 nmethod 1733 0x000001cbd6a58c90 code [0x000001cbd6a58e40, 0x000001cbd6a58f58]
Event: 48.927 Thread 0x000001cbe571e800 1735       3       sun.invoke.util.VerifyType::isNullReferenceConversion (45 bytes)
Event: 48.928 Thread 0x000001cbe571e800 nmethod 1735 0x000001cbcf80c510 code [0x000001cbcf80c700, 0x000001cbcf80ca80]
Event: 48.928 Thread 0x000001cbe571e800 1736       3       java.lang.invoke.MemberName::<init> (25 bytes)
Event: 48.928 Thread 0x000001cbe571e800 nmethod 1736 0x000001cbcf80cb90 code [0x000001cbcf80cd80, 0x000001cbcf80d010]
Event: 48.928 Thread 0x000001cbe571e800 1738       3       java.util.ArrayList::toArray (57 bytes)
Event: 48.928 Thread 0x000001cbe571e800 nmethod 1738 0x000001cbcf80d190 code [0x000001cbcf80d380, 0x000001cbcf80d900]
Event: 48.928 Thread 0x000001cbe571e800 1739       3       java.lang.StringBuilder::append (10 bytes)
Event: 48.929 Thread 0x000001cbe571e800 nmethod 1739 0x000001cbcf80da10 code [0x000001cbcf80dbc0, 0x000001cbcf80dd70]
Event: 48.929 Thread 0x000001cbe571e800 1740       3       java.lang.AbstractStringBuilder::append (43 bytes)
Event: 48.929 Thread 0x000001cbe571e800 nmethod 1740 0x000001cbcf80de10 code [0x000001cbcf80e000, 0x000001cbcf80e340]
Event: 49.021 Thread 0x000001cbe5700000 nmethod 1710 0x000001cbd6a59410 code [0x000001cbd6a59780, 0x000001cbd6a5bd40]
Event: 49.022 Thread 0x000001cbe5700000 1723       4       jdk.internal.org.objectweb.asm.Frame::execute (2264 bytes)
Event: 49.252 Thread 0x000001cbe5700000 nmethod 1723 0x000001cbd6a5d510 code [0x000001cbd6a5e680, 0x000001cbd6a648d8]

GC Heap History (2 events):
Event: 8.099 GC heap before
{Heap before GC invocations=0 (full 0):
 garbage-first heap   total 131072K, used 18432K [0x0000000081400000, 0x0000000100000000)
  region size 1024K, 14 young (14336K), 0 survivors (0K)
 Metaspace       used 18934K, capacity 19438K, committed 19584K, reserved 1067008K
  class space    used 2143K, capacity 2353K, committed 2432K, reserved 1048576K
}
Event: 8.109 GC heap after
{Heap after GC invocations=1 (full 0):
 garbage-first heap   total 131072K, used 6724K [0x0000000081400000, 0x0000000100000000)
  region size 1024K, 2 young (2048K), 2 survivors (2048K)
 Metaspace       used 18934K, capacity 19438K, committed 19584K, reserved 1067008K
  class space    used 2143K, capacity 2353K, committed 2432K, reserved 1048576K
}

Deoptimization events (20 events):
Event: 3.269 Thread 0x000001cbe6628000 DEOPT PACKING pc=0x000001cbd6a111d0 sp=0x0000003eb9ef95b0
Event: 3.269 Thread 0x000001cbe6628000 DEOPT UNPACKING pc=0x000001cbcef38f2f sp=0x0000003eb9ef94d0 mode 2
Event: 3.269 Thread 0x000001cbe6628000 Uncommon trap: trap_request=0xffffffde fr.pc=0x000001cbd6a111d0 relative=0x0000000000000e30
Event: 3.269 Thread 0x000001cbe6628000 Uncommon trap: reason=class_check action=maybe_recompile pc=0x000001cbd6a111d0 method=java.util.HashMap.putVal(ILjava/lang/Object;Ljava/lang/Object;ZZ)Ljava/lang/Object; @ 91 c2
Event: 3.269 Thread 0x000001cbe6628000 DEOPT PACKING pc=0x000001cbd6a111d0 sp=0x0000003eb9ef95b0
Event: 3.269 Thread 0x000001cbe6628000 DEOPT UNPACKING pc=0x000001cbcef38f2f sp=0x0000003eb9ef94d0 mode 2
Event: 3.291 Thread 0x000001cbe6628000 Uncommon trap: trap_request=0xffffff4d fr.pc=0x000001cbd6a2fab0 relative=0x0000000000000190
Event: 3.291 Thread 0x000001cbe6628000 Uncommon trap: reason=unstable_if action=reinterpret pc=0x000001cbd6a2fab0 method=java.lang.String.equals(Ljava/lang/Object;)Z @ 34 c2
Event: 3.292 Thread 0x000001cbe6628000 DEOPT PACKING pc=0x000001cbd6a2fab0 sp=0x0000003eb9ef9f30
Event: 3.292 Thread 0x000001cbe6628000 DEOPT UNPACKING pc=0x000001cbcef38f2f sp=0x0000003eb9ef9eb8 mode 2
Event: 9.090 Thread 0x000001cbe6628000 Uncommon trap: trap_request=0xffffff4d fr.pc=0x000001cbd6a1cfb0 relative=0x0000000000001630
Event: 9.090 Thread 0x000001cbe6628000 Uncommon trap: reason=unstable_if action=reinterpret pc=0x000001cbd6a1cfb0 method=java.lang.ref.ReferenceQueue.poll()Ljava/lang/ref/Reference; @ 4 c2
Event: 9.090 Thread 0x000001cbe6628000 DEOPT PACKING pc=0x000001cbd6a1cfb0 sp=0x0000003eb9ef6a00
Event: 9.090 Thread 0x000001cbe6628000 DEOPT UNPACKING pc=0x000001cbcef38f2f sp=0x0000003eb9ef6898 mode 2
Event: 9.090 Thread 0x000001cbe6628000 Uncommon trap: trap_request=0xffffff4d fr.pc=0x000001cbd6a21c78 relative=0x0000000000000058
Event: 9.091 Thread 0x000001cbe6628000 Uncommon trap: reason=unstable_if action=reinterpret pc=0x000001cbd6a21c78 method=java.lang.ref.ReferenceQueue.poll()Ljava/lang/ref/Reference; @ 4 c2
Event: 9.091 Thread 0x000001cbe6628000 DEOPT PACKING pc=0x000001cbd6a21c78 sp=0x0000003eb9ef6900
Event: 9.091 Thread 0x000001cbe6628000 DEOPT UNPACKING pc=0x000001cbcef38f2f sp=0x0000003eb9ef6890 mode 2
Event: 11.536 Thread 0x000001cbe6628000 DEOPT PACKING pc=0x000001cbcf628b09 sp=0x0000003eb9ef43a0
Event: 11.536 Thread 0x000001cbe6628000 DEOPT UNPACKING pc=0x000001cbcef38d4e sp=0x0000003eb9ef37e0 mode 0

Classes redefined (0 events):
No events

Internal exceptions (20 events):
Event: 0.650 Thread 0x000001cbe652e800 Exception <a 'java/lang/NoSuchMethodError'{0x0000000088f94e70}: 'void java.lang.invoke.DirectMethodHandle$Holder.invokeSpecial(java.lang.Object, java.lang.Object)'> (0x0000000088f94e70) thrown at [c:/BuildAgent/work/5ff2f6c26000d570/src/hotspot/share/inte
Event: 0.657 Thread 0x000001cbc9826000 Exception <a 'java/lang/NoSuchMethodError'{0x0000000088f84570}: 'java.lang.Object java.lang.invoke.DirectMethodHandle$Holder.invokeStatic(java.lang.Object, java.lang.Object, java.lang.Object, java.lang.Object, java.lang.Object, java.lang.Object, java.lang
Event: 0.659 Thread 0x000001cbc9826000 Exception <a 'java/lang/NoSuchMethodError'{0x0000000088fe6220}: 'java.lang.Object java.lang.invoke.DirectMethodHandle$Holder.invokeStatic(java.lang.Object, java.lang.Object, java.lang.Object, java.lang.Object, java.lang.Object, java.lang.Object, java.lang
Event: 0.764 Thread 0x000001cbc9826000 Exception <a 'java/lang/NoSuchMethodError'{0x0000000088efe158}: 'java.lang.Object java.lang.invoke.DirectMethodHandle$Holder.invokeStatic(java.lang.Object, int, java.lang.Object, java.lang.Object, java.lang.Object, java.lang.Object)'> (0x0000000088efe158)
Event: 0.765 Thread 0x000001cbc9826000 Exception <a 'java/lang/NoSuchMethodError'{0x0000000088d057e8}: 'java.lang.Object java.lang.invoke.DirectMethodHandle$Holder.invokeStatic(java.lang.Object, int, java.lang.Object, java.lang.Object, java.lang.Object)'> (0x0000000088d057e8) thrown at [c:/Bui
Event: 0.765 Thread 0x000001cbc9826000 Exception <a 'java/lang/NoSuchMethodError'{0x0000000088d09330}: 'java.lang.Object java.lang.invoke.DirectMethodHandle$Holder.invokeSpecial(java.lang.Object, java.lang.Object, int, java.lang.Object, java.lang.Object, java.lang.Object)'> (0x0000000088d09330
Event: 0.772 Thread 0x000001cbc9826000 Exception <a 'java/lang/NoSuchMethodError'{0x0000000088d20c70}: 'java.lang.Object java.lang.invoke.DirectMethodHandle$Holder.invokeStatic(java.lang.Object, int, java.lang.Object)'> (0x0000000088d20c70) thrown at [c:/BuildAgent/work/5ff2f6c26000d570/src/ho
Event: 0.936 Thread 0x000001cbc9826000 Exception <a 'java/lang/ClassNotFoundException'{0x0000000088dcb750}: com/sun/swing/internal/plaf/metal/resources/spi/metalProvider> (0x0000000088dcb750) thrown at [c:/BuildAgent/work/5ff2f6c26000d570/src/hotspot/share/classfile/systemDictionary.cpp, line 
Event: 0.938 Thread 0x000001cbc9826000 Exception <a 'java/lang/ClassNotFoundException'{0x0000000088dd19f0}: com/sun/swing/internal/plaf/basic/resources/spi/basicProvider> (0x0000000088dd19f0) thrown at [c:/BuildAgent/work/5ff2f6c26000d570/src/hotspot/share/classfile/systemDictionary.cpp, line 
Event: 1.024 Thread 0x000001cbc9826000 Exception <a 'java/lang/NoSuchMethodError'{0x0000000088c50290}: 'void java.lang.invoke.DirectMethodHandle$Holder.invokeStaticInit(java.lang.Object)'> (0x0000000088c50290) thrown at [c:/BuildAgent/work/5ff2f6c26000d570/src/hotspot/share/interpreter/linkRes
Event: 1.046 Thread 0x000001cbc9826000 Exception <a 'java/io/FileNotFoundException'{0x0000000088c5ec10}> (0x0000000088c5ec10) thrown at [c:/BuildAgent/work/5ff2f6c26000d570/src/hotspot/share/prims/jni.cpp, line 615]
Event: 1.046 Thread 0x000001cbc9826000 Exception <a 'java/lang/NullPointerException'{0x0000000088c5f470}> (0x0000000088c5f470) thrown at [c:/BuildAgent/work/5ff2f6c26000d570/src/hotspot/share/interpreter/linkResolver.cpp, line 1358]
Event: 1.172 Thread 0x000001cbc9826000 Exception <a 'java/lang/NoSuchMethodError'{0x0000000088a9b358}: 'java.lang.Object java.lang.invoke.DirectMethodHandle$Holder.invokeStatic(java.lang.Object, java.lang.Object, java.lang.Object, java.lang.Object, java.lang.Object, java.lang.Object, java.lang
Event: 1.188 Thread 0x000001cbc9826000 Exception <a 'java/lang/NoSuchMethodError'{0x0000000088ab9560}: 'java.lang.Object java.lang.invoke.DirectMethodHandle$Holder.invokeStatic(java.lang.Object, java.lang.Object, java.lang.Object, java.lang.Object, java.lang.Object, java.lang.Object, java.lang
Event: 1.197 Thread 0x000001cbc9826000 Exception <a 'java/lang/NoSuchMethodError'{0x0000000088ad8740}: 'java.lang.Object java.lang.invoke.DirectMethodHandle$Holder.invokeStatic(java.lang.Object, java.lang.Object, java.lang.Object, java.lang.Object, java.lang.Object, java.lang.Object, java.lang
Event: 1.199 Thread 0x000001cbc9826000 Exception <a 'java/lang/NoSuchMethodError'{0x0000000088ae46f0}: 'java.lang.Object java.lang.invoke.Invokers$Holder.linkToTargetMethod(java.lang.Object, int, java.lang.Object)'> (0x0000000088ae46f0) thrown at [c:/BuildAgent/work/5ff2f6c26000d570/src/hotspo
Event: 1.305 Thread 0x000001cbe6628000 Exception <a 'java/lang/NoSuchMethodError'{0x0000000088912b30}: 'java.lang.Object java.lang.invoke.DirectMethodHandle$Holder.invokeStatic(java.lang.Object, java.lang.Object, java.lang.Object, java.lang.Object, java.lang.Object, java.lang.Object, java.lang
Event: 48.917 Thread 0x000001cbe6628000 Exception <a 'java/lang/NoSuchMethodError'{0x00000000891acf60}: 'java.lang.Object java.lang.invoke.DirectMethodHandle$Holder.invokeSpecial(java.lang.Object, java.lang.Object, int, int, int, java.lang.Object, java.lang.Object, java.lang.Object)'> (0x000000
Event: 48.918 Thread 0x000001cbe6628000 Exception <a 'java/lang/NoSuchMethodError'{0x00000000891b0848}: 'java.lang.Object java.lang.invoke.DelegatingMethodHandle$Holder.reinvoke_L(java.lang.Object, int, int, int, java.lang.Object, java.lang.Object, java.lang.Object)'> (0x00000000891b0848) throw
Event: 48.919 Thread 0x000001cbe6628000 Exception <a 'java/lang/NoSuchMethodError'{0x00000000891b7e28}: 'java.lang.Object java.lang.invoke.DirectMethodHandle$Holder.invokeStatic(java.lang.Object, java.lang.Object, java.lang.Object, java.lang.Object, java.lang.Object, int)'> (0x00000000891b7e28)

Events (20 events):
Event: 11.846 loading class sun/awt/SunToolkit$1
Event: 11.846 loading class sun/awt/SunToolkit$1 done
Event: 11.850 Executing VM operation: RevokeBias
Event: 11.851 Executing VM operation: RevokeBias done
Event: 11.854 loading class java/awt/Window$1DisposeAction
Event: 11.854 loading class java/awt/Window$1DisposeAction done
Event: 11.856 loading class me/lc/Stitch
Event: 11.856 loading class me/lc/Stitch done
Event: 48.907 Executing VM operation: RevokeBias
Event: 48.907 Executing VM operation: RevokeBias done
Event: 48.919 loading class java/lang/invoke/BoundMethodHandle$Species_LLI
Event: 48.919 loading class java/lang/invoke/BoundMethodHandle$Species_LLI done
Event: 48.920 loading class java/lang/invoke/BoundMethodHandle$Species_LLII
Event: 48.920 loading class java/lang/invoke/BoundMethodHandle$Species_LLII done
Event: 48.922 loading class java/lang/invoke/BoundMethodHandle$Species_LLIIL
Event: 48.922 loading class java/lang/invoke/BoundMethodHandle$Species_LLIIL done
Event: 48.924 loading class java/lang/invoke/BoundMethodHandle$Species_LLIILL
Event: 48.924 loading class java/lang/invoke/BoundMethodHandle$Species_LLIILL done
Event: 48.926 loading class java/lang/invoke/BoundMethodHandle$Species_LLIILLL
Event: 48.926 loading class java/lang/invoke/BoundMethodHandle$Species_LLIILLL done


Dynamic libraries:
0x00007ff6f6d60000 - 0x00007ff6f6d6a000 	D:\softwares\idea-community\jbr\bin\java.exe
0x00007ffe83060000 - 0x00007ffe83250000 	C:\Windows\SYSTEM32\ntdll.dll
0x00007ffe82bd0000 - 0x00007ffe82c82000 	C:\Windows\System32\KERNEL32.DLL
0x00007ffe801f0000 - 0x00007ffe80493000 	C:\Windows\System32\KERNELBASE.dll
0x00007ffe80090000 - 0x00007ffe8018a000 	C:\Windows\System32\ucrtbase.dll
0x00007ffe6fe70000 - 0x00007ffe6fe89000 	D:\softwares\idea-community\jbr\bin\jli.dll
0x00007ffe81170000 - 0x00007ffe81304000 	C:\Windows\System32\USER32.dll
0x00007ffe80190000 - 0x00007ffe801b1000 	C:\Windows\System32\win32u.dll
0x00007ffe82c90000 - 0x00007ffe82cb6000 	C:\Windows\System32\GDI32.dll
0x00007ffe6fa90000 - 0x00007ffe6faa7000 	D:\softwares\idea-community\jbr\bin\VCRUNTIME140.dll
0x00007ffe804a0000 - 0x00007ffe80634000 	C:\Windows\System32\gdi32full.dll
0x00007ffe7fff0000 - 0x00007ffe8008e000 	C:\Windows\System32\msvcp_win.dll
0x00007ffe723b0000 - 0x00007ffe72635000 	C:\Windows\WinSxS\amd64_microsoft.windows.common-controls_6595b64144ccf1df_6.0.18362.592_none_e6c0b1911312be02\COMCTL32.dll
0x00007ffe82f80000 - 0x00007ffe8301e000 	C:\Windows\System32\msvcrt.dll
0x00007ffe81b10000 - 0x00007ffe81e46000 	C:\Windows\System32\combase.dll
0x00007ffe819f0000 - 0x00007ffe81b10000 	C:\Windows\System32\RPCRT4.dll
0x00007ffe80640000 - 0x00007ffe806c0000 	C:\Windows\System32\bcryptPrimitives.dll
0x00007ffe81370000 - 0x00007ffe8139e000 	C:\Windows\System32\IMM32.DLL
0x00007ffe58c40000 - 0x00007ffe58cdd000 	D:\softwares\idea-community\jbr\bin\msvcp140.dll
0x00007ffe47fd0000 - 0x00007ffe48a8b000 	D:\softwares\idea-community\jbr\bin\server\jvm.dll
0x00007ffe82040000 - 0x00007ffe820e3000 	C:\Windows\System32\ADVAPI32.dll
0x00007ffe82290000 - 0x00007ffe82327000 	C:\Windows\System32\sechost.dll
0x00007ffe81e60000 - 0x00007ffe81e68000 	C:\Windows\System32\PSAPI.DLL
0x00007ffe7c7a0000 - 0x00007ffe7c7a9000 	C:\Windows\SYSTEM32\WSOCK32.dll
0x00007ffe820f0000 - 0x00007ffe8215f000 	C:\Windows\System32\WS2_32.dll
0x00007ffe773f0000 - 0x00007ffe77414000 	C:\Windows\SYSTEM32\WINMM.dll
0x00007ffe777b0000 - 0x00007ffe777ba000 	C:\Windows\SYSTEM32\VERSION.dll
0x00007ffe773c0000 - 0x00007ffe773ed000 	C:\Windows\SYSTEM32\WINMMBASE.dll
0x00007ffe806e0000 - 0x00007ffe8072a000 	C:\Windows\System32\cfgmgr32.dll
0x00007ffe7ff40000 - 0x00007ffe7ff51000 	C:\Windows\System32\kernel.appcore.dll
0x00007ffe7c3a0000 - 0x00007ffe7c3b1000 	D:\softwares\idea-community\jbr\bin\verify.dll
0x00007ffe75c10000 - 0x00007ffe75e04000 	C:\Windows\SYSTEM32\DBGHELP.DLL
0x00007ffe75be0000 - 0x00007ffe75c0a000 	C:\Windows\SYSTEM32\dbgcore.DLL
0x00007ffe79c70000 - 0x00007ffe79c99000 	D:\softwares\idea-community\jbr\bin\java.dll
0x00007ffe76fa0000 - 0x00007ffe76faf000 	D:\softwares\idea-community\jbr\bin\instrument.dll
0x00007ffe7b880000 - 0x00007ffe7b897000 	D:\softwares\idea-community\jbr\bin\zip.dll
0x00007ffe7a1a0000 - 0x00007ffe7a1ab000 	D:\softwares\idea-community\jbr\bin\jimage.dll
0x00007ffe82330000 - 0x00007ffe82a15000 	C:\Windows\System32\SHELL32.dll
0x00007ffe82cc0000 - 0x00007ffe82d69000 	C:\Windows\System32\shcore.dll
0x00007ffe80790000 - 0x00007ffe80f0f000 	C:\Windows\System32\windows.storage.dll
0x00007ffe7ffd0000 - 0x00007ffe7ffef000 	C:\Windows\System32\profapi.dll
0x00007ffe7ff80000 - 0x00007ffe7ffca000 	C:\Windows\System32\powrprof.dll
0x00007ffe7ff30000 - 0x00007ffe7ff40000 	C:\Windows\System32\UMPDC.dll
0x00007ffe81110000 - 0x00007ffe81162000 	C:\Windows\System32\shlwapi.dll
0x00007ffe806c0000 - 0x00007ffe806d7000 	C:\Windows\System32\cryptsp.dll
0x00007ffe793e0000 - 0x00007ffe793fa000 	D:\softwares\idea-community\jbr\bin\net.dll
0x00007ffe771c0000 - 0x00007ffe772b0000 	C:\Windows\SYSTEM32\WINHTTP.dll
0x00007ffe7f7a0000 - 0x00007ffe7f807000 	C:\Windows\system32\mswsock.dll
0x00007ffe76f80000 - 0x00007ffe76f94000 	D:\softwares\idea-community\jbr\bin\nio.dll
0x00007ffe713b0000 - 0x00007ffe713ca000 	D:\softwares\idea-community\bin\breakgen64.dll
0x00007ffe6d140000 - 0x00007ffe6d2e1000 	D:\softwares\idea-community\jbr\bin\awt.dll
0x00007ffe82e20000 - 0x00007ffe82ee4000 	C:\Windows\System32\OLEAUT32.dll
0x00007ffe7e5e0000 - 0x00007ffe7e60d000 	C:\Windows\SYSTEM32\dwmapi.dll
0x00007ffe7cf00000 - 0x00007ffe7d4c0000 	C:\Windows\SYSTEM32\d2d1.dll
0x00007ffe7e200000 - 0x00007ffe7e28f000 	C:\Windows\SYSTEM32\apphelp.dll
0x00007ffe7e510000 - 0x00007ffe7e5a9000 	C:\Windows\system32\uxtheme.dll
0x00007ffe67450000 - 0x00007ffe675a6000 	C:\Windows\system32\opengl32.dll
0x00007ffe77190000 - 0x00007ffe771bc000 	C:\Windows\SYSTEM32\GLU32.dll
0x00007ffe7eba0000 - 0x00007ffe7ebc0000 	C:\Windows\SYSTEM32\dxcore.dll
0x00007ffe81890000 - 0x00007ffe819c5000 	C:\Windows\System32\MSCTF.dll
0x00007ffe81e70000 - 0x00007ffe81fc6000 	C:\Windows\System32\ole32.dll
0x00007ffe6f120000 - 0x00007ffe6f1a5000 	D:\softwares\idea-community\jbr\bin\freetype.dll
0x00007ffe69350000 - 0x00007ffe693f8000 	D:\softwares\idea-community\jbr\bin\fontmanager.dll
0x00007ffe6ddf0000 - 0x00007ffe6de8e000 	C:\Windows\System32\TextInputFramework.dll
0x00007ffe6da60000 - 0x00007ffe6dd8a000 	C:\Windows\System32\CoreUIComponents.dll
0x00007ffe7ce20000 - 0x00007ffe7cef4000 	C:\Windows\System32\CoreMessaging.dll
0x00007ffe7ef90000 - 0x00007ffe7efc1000 	C:\Windows\SYSTEM32\ntmarta.dll
0x00007ffe7c0f0000 - 0x00007ffe7c243000 	C:\Windows\SYSTEM32\wintypes.dll
0x00007ffe732a0000 - 0x00007ffe73546000 	C:\Windows\System32\iertutil.dll
0x00007ffe789c0000 - 0x00007ffe78a69000 	C:\Windows\WinSxS\amd64_microsoft.windows.common-controls_6595b64144ccf1df_5.82.18362.592_none_2a2c5e32466583af\comctl32.dll
0x00007ffe82d70000 - 0x00007ffe82e12000 	C:\Windows\System32\clbcatq.dll
0x00007ffe62c20000 - 0x00007ffe62c36000 	C:\Windows\system32\NetworkExplorer.dll
0x00007ffe7c890000 - 0x00007ffe7c97f000 	C:\Windows\system32\PROPSYS.dll
0x00007ffe7b8c0000 - 0x00007ffe7b8db000 	C:\Windows\SYSTEM32\MPR.dll
0x00007ffe6fd70000 - 0x00007ffe6fd7b000 	C:\Windows\System32\drprov.dll
0x00007ffe7f060000 - 0x00007ffe7f0bc000 	C:\Windows\System32\WINSTA.dll
0x00007ffe64d30000 - 0x00007ffe64d45000 	C:\Windows\System32\ntlanman.dll
0x00007ffe63ce0000 - 0x00007ffe63cfd000 	C:\Windows\System32\davclnt.dll
0x00007ffe6f2f0000 - 0x00007ffe6f2fc000 	C:\Windows\System32\DAVHLPR.dll
0x00007ffe78bf0000 - 0x00007ffe78c07000 	C:\Windows\System32\wkscli.dll
0x00007ffe801c0000 - 0x00007ffe801e6000 	C:\Windows\System32\bcrypt.dll
0x00007ffe6e2e0000 - 0x00007ffe6e2f2000 	C:\Windows\SYSTEM32\cscapi.dll
0x00007ffe7f5c0000 - 0x00007ffe7f5cc000 	C:\Windows\System32\netutils.dll
0x00007ffe5a8d0000 - 0x00007ffe5a923000 	C:\Windows\System32\dlnashext.dll
0x00007ffe5abe0000 - 0x00007ffe5ac44000 	C:\Windows\System32\PlayToDevice.dll
0x00007ffe7b8a0000 - 0x00007ffe7b8c0000 	C:\Windows\System32\DevDispItemProvider.dll
0x00007ffe7a9a0000 - 0x00007ffe7aa12000 	C:\Windows\System32\MMDevApi.dll
0x00007ffe7fd30000 - 0x00007ffe7fd5a000 	C:\Windows\System32\DEVOBJ.dll
0x00007ffe59b80000 - 0x00007ffe59c1b000 	C:\Windows\system32\wpdshext.dll
0x00007ffe72180000 - 0x00007ffe72323000 	C:\Windows\WinSxS\amd64_microsoft.windows.gdiplus_6595b64144ccf1df_1.1.18362.592_none_17aba4766da537d0\gdiplus.dll
0x00007ffe5f500000 - 0x00007ffe5f59e000 	C:\Windows\System32\PortableDeviceApi.dll
0x00007ffe813a0000 - 0x00007ffe81810000 	C:\Windows\System32\SETUPAPI.dll
0x00007ffe80730000 - 0x00007ffe8078c000 	C:\Windows\System32\WINTRUST.dll
0x00007ffe7ff60000 - 0x00007ffe7ff72000 	C:\Windows\System32\MSASN1.dll
0x00007ffe80fc0000 - 0x00007ffe81109000 	C:\Windows\System32\CRYPT32.dll
0x00007ffe66a20000 - 0x00007ffe66a57000 	C:\Windows\System32\EhStorShell.dll
0x00007ffe6edf0000 - 0x00007ffe6ee15000 	C:\Windows\System32\EhStorAPI.dll
0x00007ffe7c820000 - 0x00007ffe7c833000 	C:\Windows\System32\WTSAPI32.dll
0x00007ffe79e90000 - 0x00007ffe79e9d000 	C:\Windows\SYSTEM32\LINKINFO.dll
0x00007ffe69b00000 - 0x00007ffe69caf000 	C:\Windows\SYSTEM32\WindowsCodecs.dll
0x00007ffe6ddb0000 - 0x00007ffe6ddea000 	C:\Windows\system32\dataexchange.dll
0x00007ffe7db80000 - 0x00007ffe7dd5b000 	C:\Windows\system32\dcomp.dll
0x00007ffe7d4c0000 - 0x00007ffe7d71b000 	C:\Windows\system32\d3d11.dll
0x00007ffe7ec30000 - 0x00007ffe7ed1b000 	C:\Windows\system32\dxgi.dll
0x00007ffe7e290000 - 0x00007ffe7e4ea000 	C:\Windows\system32\twinapi.appcore.dll
0x00007ffe7e890000 - 0x00007ffe7e8b9000 	C:\Windows\system32\RMCLIENT.dll
0x00007ffe623d0000 - 0x00007ffe62423000 	D:\code_projects\image_stitching\image_stitch_app\src\me\lc\image_dll.dll
0x00007ffe56db0000 - 0x00007ffe5702c000 	D:\softwares\opencv343\build\x64\vc14\bin\opencv_features2d343d.dll
0x00007ffe318b0000 - 0x00007ffe32b8c000 	D:\softwares\opencv343\build\x64\vc14\bin\opencv_core343d.dll
0x00007ffe56c10000 - 0x00007ffe56da4000 	D:\softwares\opencv343\build\x64\vc14\bin\opencv_flann343d.dll
0x00007ffe41600000 - 0x00007ffe41c4c000 	D:\softwares\opencv343\build\x64\vc14\bin\opencv_imgcodecs343d.dll
0x00007ffe58490000 - 0x00007ffe58584000 	C:\Windows\SYSTEM32\MSVCP140D.dll
0x00007ffe29c50000 - 0x00007ffe2d40f000 	D:\softwares\opencv343\build\x64\vc14\bin\opencv_imgproc343d.dll
0x00007ffe41170000 - 0x00007ffe415fe000 	D:\softwares\opencv343\build\x64\vc14\bin\opencv_xfeatures2d343d.dll
0x00007ffe6e5d0000 - 0x00007ffe6e5f6000 	C:\Windows\SYSTEM32\VCRUNTIME140D.dll
0x00007ffe76df0000 - 0x00007ffe76dff000 	C:\Windows\SYSTEM32\VCRUNTIME140_1D.dll
0x00007ffe567b0000 - 0x00007ffe56973000 	C:\Windows\SYSTEM32\ucrtbased.dll
0x00007ffe582c0000 - 0x00007ffe58379000 	C:\Windows\SYSTEM32\CONCRT140D.dll
0x00007ffe37560000 - 0x00007ffe379b3000 	D:\softwares\opencv343\build\x64\vc14\bin\opencv_calib3d343d.dll

dbghelp: loaded successfully - version: 4.0.5 - missing functions: none
symbol engine: initialized successfully - sym options: 0x614 - pdb path: .;D:\softwares\idea-community\jbr\bin;C:\Windows\SYSTEM32;C:\Windows\WinSxS\amd64_microsoft.windows.common-controls_6595b64144ccf1df_6.0.18362.592_none_e6c0b1911312be02;D:\softwares\idea-community\jbr\bin\server;D:\softwares\idea-community\bin;C:\Windows\WinSxS\amd64_microsoft.windows.common-controls_6595b64144ccf1df_5.82.18362.592_none_2a2c5e32466583af;C:\Windows\WinSxS\amd64_microsoft.windows.gdiplus_6595b64144ccf1df_1.1.18362.592_none_17aba4766da537d0;D:\code_projects\image_stitching\image_stitch_app\src\me\lc;D:\softwares\opencv343\build\x64\vc14\bin

VM Arguments:
jvm_args: -javaagent:D:\softwares\idea-community\lib\idea_rt.jar=50618:D:\softwares\idea-community\bin -Dfile.encoding=UTF-8 
java_command: me.lc.App
java_class_path (initial): D:\code_projects\image_stitching\image_stitch_app\out\production\image_stitch_app
Launcher Type: SUN_STANDARD

[Global flags]
     intx CICompilerCount                          = 3                                         {product} {ergonomic}
     uint ConcGCThreads                            = 1                                         {product} {ergonomic}
     uint G1ConcRefinementThreads                  = 4                                         {product} {ergonomic}
   size_t G1HeapRegionSize                         = 1048576                                   {product} {ergonomic}
    uintx GCDrainStackTargetSize                   = 64                                        {product} {ergonomic}
   size_t InitialHeapSize                          = 134217728                                 {product} {ergonomic}
   size_t MarkStackSize                            = 4194304                                   {product} {ergonomic}
   size_t MaxHeapSize                              = 2126512128                                {product} {ergonomic}
   size_t MaxNewSize                               = 1275068416                                {product} {ergonomic}
   size_t MinHeapDeltaBytes                        = 1048576                                   {product} {ergonomic}
    uintx NonNMethodCodeHeapSize                   = 5830732                                {pd product} {ergonomic}
    uintx NonProfiledCodeHeapSize                  = 122913754                              {pd product} {ergonomic}
    uintx ProfiledCodeHeapSize                     = 122913754                              {pd product} {ergonomic}
    uintx ReservedCodeCacheSize                    = 251658240                              {pd product} {ergonomic}
     bool SegmentedCodeCache                       = true                                      {product} {ergonomic}
     bool UseCompressedClassPointers               = true                                 {lp64_product} {ergonomic}
     bool UseCompressedOops                        = true                                 {lp64_product} {ergonomic}
     bool UseG1GC                                  = true                                      {product} {ergonomic}
     bool UseLargePagesIndividualAllocation        = false                                  {pd product} {ergonomic}

Logging:
Log output configuration:
 #0: stdout all=warning uptime,level,tags
 #1: stderr all=off uptime,level,tags

Environment Variables:
JAVA_HOME=D:\softwares\jdk-11.0.2\bin
PATH=D:\softwares\python3\Scripts\;D:\softwares\python3\;C:\Windows\system32;C:\Windows;C:\Windows\System32\Wbem;C:\Windows\System32\WindowsPowerShell\v1.0\;C:\Windows\System32\OpenSSH\;D:\softwares\jdk-11.0.2\bin;D:\softwares\git\Git\cmd;D:\softwares\opencv343\build\x64\vc14\bin;C:\ProgramData\chocolatey\bin;C:\Users\32344\AppData\Local\Microsoft\WindowsApps;D:\softwares\texlive\2019\bin\win32;D:\softwares\cmake\bin
USERNAME=32344
OS=Windows_NT
PROCESSOR_IDENTIFIER=Intel64 Family 6 Model 61 Stepping 4, GenuineIntel



---------------  S Y S T E M  ---------------

OS: Windows 10 , 64 bit Build 18362 (10.0.18362.329)

CPU:total 4 (initial active 4) (2 cores per cpu, 2 threads per core) family 6 model 61 stepping 4, cmov, cx8, fxsr, mmx, sse, sse2, sse3, ssse3, sse4.1, sse4.2, popcnt, avx, avx2, aes, clmul, erms, 3dnowpref, lzcnt, ht, tsc, tscinvbit, bmi1, bmi2, adx, fma

Memory: 4k page, system-wide physical 8111M (3026M free)
TotalPageFile size 9391M (AvailPageFile size 1913M)
current process WorkingSet (physical memory assigned to process): 133M, peak: 239M
current process commit charge ("private bytes"): 256M, peak: 363M

vm_info: OpenJDK 64-Bit Server VM (11.0.5+10-b520.17) for windows-amd64 JRE (11.0.5+10-b520.17), built on Dec  2 2019 12:11:34 by "" with MS VC++ 14.0 (VS2015)

END.
